<?xml version="1.0" encoding="utf-8"?>
<coverage line-rate="0.8662000000000001" branch-rate="0.7741" version="1.9" timestamp="1775840492" lines-covered="311" lines-valid="359" branches-covered="144" branches-valid="186">
  <sources>
    <source>D:\tyap\src\Lexemes\</source>
  </sources>
  <packages>
    <package name="Lexer" line-rate="0.8662000000000001" branch-rate="0.7741" complexity="200">
      <classes>
        <class name="PsTiger.Lexemes.Lexer" filename="Lexer.cs" line-rate="0.9548000000000001" branch-rate="0.9120999999999999" complexity="150">
          <methods>
            <method name="ParseToken" signature="()" line-rate="0.9014" branch-rate="0.9375" complexity="48">
              <lines>
                <line number="50" hits="160" branch="False" />
                <line number="51" hits="160" branch="False" />
                <line number="53" hits="160" branch="True" condition-coverage="100% (2/2)">
                  <conditions>
                    <condition number="21" type="jump" coverage="100%" />
                  </conditions>
                </line>
                <line number="54" hits="31" branch="False" />
                <line number="55" hits="31" branch="False" />
                <line number="58" hits="129" branch="False" />
                <line number="60" hits="129" branch="True" condition-coverage="100% (4/4)">
                  <conditions>
                    <condition number="56" type="jump" coverage="100%" />
                    <condition number="68" type="jump" coverage="100%" />
                  </conditions>
                </line>
                <line number="61" hits="73" branch="False" />
                <line number="62" hits="73" branch="False" />
                <line number="65" hits="56" branch="True" condition-coverage="100% (2/2)">
                  <conditions>
                    <condition number="93" type="jump" coverage="100%" />
                  </conditions>
                </line>
                <line number="66" hits="12" branch="False" />
                <line number="67" hits="12" branch="False" />
                <line number="70" hits="44" branch="True" condition-coverage="100% (2/2)">
                  <conditions>
                    <condition number="117" type="jump" coverage="100%" />
                  </conditions>
                </line>
                <line number="71" hits="9" branch="False" />
                <line number="72" hits="9" branch="False" />
                <line number="75" hits="35" branch="True" condition-coverage="92.85% (26/28)">
                  <conditions>
                    <condition number="143" type="jump" coverage="100%" />
                    <condition number="150" type="switch" coverage="93.75%" />
                    <condition number="256" type="jump" coverage="100%" />
                    <condition number="222" type="switch" coverage="83.33%" />
                    <condition number="267" type="jump" coverage="100%" />
                  </conditions>
                </line>
                <line number="78" hits="2" branch="False" />
                <line number="79" hits="2" branch="False" />
                <line number="82" hits="2" branch="False" />
                <line number="83" hits="2" branch="False" />
                <line number="86" hits="2" branch="False" />
                <line number="87" hits="2" branch="False" />
                <line number="90" hits="2" branch="False" />
                <line number="92" hits="2" branch="True" condition-coverage="50% (1/2)">
                  <conditions>
                    <condition number="384" type="jump" coverage="50%" />
                  </conditions>
                </line>
                <line number="93" hits="0" branch="False" />
                <line number="94" hits="0" branch="False" />
                <line number="95" hits="0" branch="False" />
                <line number="98" hits="2" branch="False" />
                <line number="101" hits="5" branch="False" />
                <line number="102" hits="5" branch="True" condition-coverage="100% (2/2)">
                  <conditions>
                    <condition number="451" type="jump" coverage="100%" />
                  </conditions>
                </line>
                <line number="103" hits="1" branch="False" />
                <line number="104" hits="1" branch="False" />
                <line number="105" hits="1" branch="False" />
                <line number="108" hits="4" branch="False" />
                <line number="111" hits="3" branch="False" />
                <line number="112" hits="3" branch="True" condition-coverage="100% (2/2)">
                  <conditions>
                    <condition number="524" type="jump" coverage="100%" />
                  </conditions>
                </line>
                <line number="113" hits="1" branch="False" />
                <line number="114" hits="1" branch="False" />
                <line number="115" hits="1" branch="False" />
                <line number="118" hits="2" branch="False" />
                <line number="121" hits="3" branch="False" />
                <line number="122" hits="3" branch="True" condition-coverage="100% (2/2)">
                  <conditions>
                    <condition number="597" type="jump" coverage="100%" />
                  </conditions>
                </line>
                <line number="123" hits="1" branch="False" />
                <line number="124" hits="1" branch="False" />
                <line number="125" hits="1" branch="False" />
                <line number="128" hits="2" branch="False" />
                <line number="131" hits="3" branch="False" />
                <line number="132" hits="3" branch="True" condition-coverage="100% (2/2)">
                  <conditions>
                    <condition number="670" type="jump" coverage="100%" />
                  </conditions>
                </line>
                <line number="133" hits="1" branch="False" />
                <line number="134" hits="1" branch="False" />
                <line number="135" hits="1" branch="False" />
                <line number="138" hits="2" branch="False" />
                <line number="141" hits="1" branch="False" />
                <line number="142" hits="1" branch="False" />
                <line number="145" hits="1" branch="False" />
                <line number="146" hits="1" branch="False" />
                <line number="149" hits="2" branch="False" />
                <line number="150" hits="2" branch="False" />
                <line number="153" hits="2" branch="False" />
                <line number="154" hits="2" branch="False" />
                <line number="157" hits="1" branch="False" />
                <line number="158" hits="1" branch="False" />
                <line number="161" hits="5" branch="False" />
                <line number="162" hits="5" branch="False" />
                <line number="165" hits="0" branch="False" />
                <line number="166" hits="0" branch="False" />
                <line number="169" hits="0" branch="False" />
                <line number="170" hits="0" branch="False" />
                <line number="173" hits="1" branch="False" />
                <line number="174" hits="1" branch="False" />
                <line number="175" hits="160" branch="False" />
              </lines>
            </method>
            <method name="ParseNumberLiteral" signature="()" line-rate="0.8928" branch-rate="0.75" complexity="16">
              <lines>
                <line number="182" hits="12" branch="False" />
                <line number="183" hits="12" branch="False" />
                <line number="185" hits="34" branch="True" condition-coverage="100% (2/2)">
                  <conditions>
                    <condition number="61" type="jump" coverage="100%" />
                  </conditions>
                </line>
                <line number="186" hits="22" branch="False" />
                <line number="187" hits="22" branch="False" />
                <line number="188" hits="22" branch="False" />
                <line number="189" hits="22" branch="False" />
                <line number="191" hits="12" branch="True" condition-coverage="100% (4/4)">
                  <conditions>
                    <condition number="77" type="jump" coverage="100%" />
                    <condition number="101" type="jump" coverage="100%" />
                  </conditions>
                </line>
                <line number="192" hits="3" branch="False" />
                <line number="193" hits="3" branch="False" />
                <line number="194" hits="3" branch="False" />
                <line number="195" hits="7" branch="True" condition-coverage="100% (2/2)">
                  <conditions>
                    <condition number="194" type="jump" coverage="100%" />
                  </conditions>
                </line>
                <line number="196" hits="4" branch="False" />
                <line number="197" hits="4" branch="False" />
                <line number="198" hits="4" branch="False" />
                <line number="199" hits="4" branch="False" />
                <line number="201" hits="3" branch="True" condition-coverage="50% (1/2)">
                  <conditions>
                    <condition number="223" type="jump" coverage="50%" />
                  </conditions>
                </line>
                <line number="202" hits="3" branch="False" />
                <line number="203" hits="3" branch="False" />
                <line number="206" hits="0" branch="False" />
                <line number="209" hits="9" branch="True" condition-coverage="50% (1/2)">
                  <conditions>
                    <condition number="273" type="jump" coverage="50%" />
                  </conditions>
                </line>
                <line number="210" hits="9" branch="False" />
                <line number="211" hits="9" branch="True" condition-coverage="50% (2/4)">
                  <conditions>
                    <condition number="283" type="jump" coverage="50%" />
                    <condition number="304" type="jump" coverage="50%" />
                  </conditions>
                </line>
                <line number="212" hits="9" branch="False" />
                <line number="213" hits="9" branch="False" />
                <line number="216" hits="0" branch="False" />
                <line number="219" hits="0" branch="False" />
                <line number="220" hits="12" branch="False" />
              </lines>
            </method>
            <method name="ParseStringLiteral" signature="()" line-rate="1" branch-rate="0.8928" complexity="28">
              <lines>
                <line number="227" hits="9" branch="False" />
                <line number="228" hits="9" branch="False" />
                <line number="230" hits="9" branch="False" />
                <line number="232" hits="50" branch="True" condition-coverage="100% (2/2)">
                  <conditions>
                    <condition number="439" type="jump" coverage="100%" />
                  </conditions>
                </line>
                <line number="233" hits="49" branch="False" />
                <line number="234" hits="49" branch="False" />
                <line number="236" hits="49" branch="True" condition-coverage="100% (2/2)">
                  <conditions>
                    <condition number="45" type="jump" coverage="100%" />
                  </conditions>
                </line>
                <line number="237" hits="5" branch="False" />
                <line number="238" hits="5" branch="False" />
                <line number="239" hits="5" branch="False" />
                <line number="242" hits="44" branch="True" condition-coverage="100% (2/2)">
                  <conditions>
                    <condition number="88" type="jump" coverage="100%" />
                  </conditions>
                </line>
                <line number="243" hits="1" branch="False" />
                <line number="244" hits="7" branch="True" condition-coverage="75% (3/4)">
                  <conditions>
                    <condition number="146" type="jump" coverage="100%" />
                    <condition number="118" type="jump" coverage="50%" />
                  </conditions>
                </line>
                <line number="245" hits="6" branch="False" />
                <line number="246" hits="6" branch="False" />
                <line number="247" hits="6" branch="False" />
                <line number="249" hits="1" branch="True" condition-coverage="75% (3/4)">
                  <conditions>
                    <condition number="159" type="jump" coverage="50%" />
                    <condition number="184" type="jump" coverage="100%" />
                  </conditions>
                </line>
                <line number="250" hits="1" branch="False" />
                <line number="251" hits="1" branch="False" />
                <line number="252" hits="1" branch="False" />
                <line number="254" hits="1" branch="False" />
                <line number="257" hits="43" branch="True" condition-coverage="100% (2/2)">
                  <conditions>
                    <condition number="222" type="jump" coverage="100%" />
                  </conditions>
                </line>
                <line number="258" hits="4" branch="False" />
                <line number="259" hits="4" branch="True" condition-coverage="100% (2/2)">
                  <conditions>
                    <condition number="242" type="jump" coverage="100%" />
                  </conditions>
                </line>
                <line number="260" hits="2" branch="False" />
                <line number="261" hits="2" branch="False" />
                <line number="263" hits="11" branch="True" condition-coverage="100% (6/6)">
                  <conditions>
                    <condition number="331" type="jump" coverage="100%" />
                    <condition number="287" type="jump" coverage="100%" />
                    <condition number="303" type="jump" coverage="100%" />
                  </conditions>
                </line>
                <line number="264" hits="9" branch="False" />
                <line number="265" hits="9" branch="False" />
                <line number="266" hits="9" branch="False" />
                <line number="268" hits="2" branch="True" condition-coverage="75% (3/4)">
                  <conditions>
                    <condition number="344" type="jump" coverage="50%" />
                    <condition number="369" type="jump" coverage="100%" />
                  </conditions>
                </line>
                <line number="269" hits="2" branch="False" />
                <line number="270" hits="2" branch="False" />
                <line number="271" hits="2" branch="False" />
                <line number="273" hits="2" branch="False" />
                <line number="275" hits="2" branch="False" />
                <line number="277" hits="39" branch="False" />
                <line number="278" hits="39" branch="False" />
                <line number="279" hits="39" branch="False" />
                <line number="280" hits="39" branch="False" />
                <line number="281" hits="41" branch="False" />
                <line number="283" hits="1" branch="False" />
                <line number="284" hits="9" branch="False" />
              </lines>
            </method>
            <method name="DecodeEscapeSequence" signature="(System.Text.StringBuilder)" line-rate="0.8461" branch-rate="0.75" complexity="4">
              <lines>
                <line number="291" hits="4" branch="False" />
                <line number="292" hits="4" branch="False" />
                <line number="294" hits="4" branch="True" condition-coverage="50% (1/2)">
                  <conditions>
                    <condition number="26" type="jump" coverage="50%" />
                  </conditions>
                </line>
                <line number="295" hits="0" branch="False" />
                <line number="296" hits="0" branch="False" />
                <line number="299" hits="4" branch="False" />
                <line number="301" hits="4" branch="True" condition-coverage="100% (2/2)">
                  <conditions>
                    <condition number="63" type="jump" coverage="100%" />
                  </conditions>
                </line>
                <line number="302" hits="2" branch="False" />
                <line number="303" hits="2" branch="False" />
                <line number="304" hits="2" branch="False" />
                <line number="305" hits="2" branch="False" />
                <line number="308" hits="2" branch="False" />
                <line number="309" hits="4" branch="False" />
              </lines>
            </method>
            <method name="ParseIdentifierOrKeyword" signature="()" line-rate="1" branch-rate="1" complexity="16">
              <lines>
                <line number="316" hits="73" branch="False" />
                <line number="317" hits="73" branch="False" />
                <line number="318" hits="73" branch="False" />
                <line number="319" hits="73" branch="False" />
                <line number="320" hits="73" branch="False" />
                <line number="322" hits="177" branch="True" condition-coverage="100% (2/2)">
                  <conditions>
                    <condition number="132" type="jump" coverage="100%" />
                  </conditions>
                </line>
                <line number="323" hits="161" branch="False" />
                <line number="324" hits="161" branch="False" />
                <line number="325" hits="161" branch="True" condition-coverage="100% (6/6)">
                  <conditions>
                    <condition number="62" type="jump" coverage="100%" />
                    <condition number="70" type="jump" coverage="100%" />
                    <condition number="84" type="jump" coverage="100%" />
                  </conditions>
                </line>
                <line number="326" hits="104" branch="False" />
                <line number="327" hits="104" branch="False" />
                <line number="328" hits="104" branch="False" />
                <line number="329" hits="104" branch="False" />
                <line number="331" hits="57" branch="False" />
                <line number="332" hits="57" branch="False" />
                <line number="334" hits="104" branch="False" />
                <line number="336" hits="73" branch="False" />
                <line number="338" hits="73" branch="True" condition-coverage="100% (2/2)">
                  <conditions>
                    <condition number="158" type="jump" coverage="100%" />
                  </conditions>
                </line>
                <line number="339" hits="27" branch="False" />
                <line number="340" hits="27" branch="True" condition-coverage="100% (4/4)">
                  <conditions>
                    <condition number="172" type="jump" coverage="100%" />
                    <condition number="192" type="jump" coverage="100%" />
                  </conditions>
                </line>
                <line number="341" hits="2" branch="False" />
                <line number="342" hits="2" branch="True" condition-coverage="100% (2/2)">
                  <conditions>
                    <condition number="206" type="jump" coverage="100%" />
                  </conditions>
                </line>
                <line number="345" hits="25" branch="False" />
                <line number="348" hits="46" branch="False" />
                <line number="349" hits="73" branch="False" />
              </lines>
            </method>
            <method name="SkipWhiteSpacesAndComments" signature="()" line-rate="1" branch-rate="1" complexity="6">
              <lines>
                <line number="355" hits="160" branch="False" />
                <line number="356" hits="167" branch="False" />
                <line number="357" hits="167" branch="False" />
                <line number="358" hits="167" branch="False" />
                <line number="360" hits="167" branch="True" condition-coverage="100% (2/2)">
                  <conditions>
                    <condition number="24" type="jump" coverage="100%" />
                  </conditions>
                </line>
                <line number="361" hits="31" branch="False" />
                <line number="362" hits="31" branch="False" />
                <line number="365" hits="136" branch="True" condition-coverage="100% (4/4)">
                  <conditions>
                    <condition number="35" type="jump" coverage="100%" />
                    <condition number="48" type="jump" coverage="100%" />
                  </conditions>
                </line>
                <line number="366" hits="7" branch="False" />
                <line number="367" hits="7" branch="False" />
                <line number="370" hits="129" branch="False" />
                <line number="372" hits="160" branch="False" />
              </lines>
            </method>
            <method name="SkipWhiteSpaces" signature="()" line-rate="1" branch-rate="1" complexity="4">
              <lines>
                <line number="378" hits="167" branch="False" />
                <line number="379" hits="264" branch="True" condition-coverage="100% (4/4)">
                  <conditions>
                    <condition number="52" type="jump" coverage="100%" />
                    <condition number="28" type="jump" coverage="100%" />
                  </conditions>
                </line>
                <line number="380" hits="97" branch="False" />
                <line number="381" hits="97" branch="False" />
                <line number="382" hits="97" branch="False" />
                <line number="383" hits="167" branch="False" />
              </lines>
            </method>
            <method name="SkipMultiLineComment" signature="()" line-rate="1" branch-rate="0.9" complexity="20">
              <lines>
                <line number="390" hits="203" branch="False" />
                <line number="391" hits="203" branch="True" condition-coverage="100% (4/4)">
                  <conditions>
                    <condition number="15" type="jump" coverage="100%" />
                    <condition number="38" type="jump" coverage="100%" />
                  </conditions>
                </line>
                <line number="392" hits="6" branch="False" />
                <line number="393" hits="6" branch="False" />
                <line number="394" hits="6" branch="False" />
                <line number="396" hits="76" branch="True" condition-coverage="100% (2/2)">
                  <conditions>
                    <condition number="157" type="jump" coverage="100%" />
                  </conditions>
                </line>
                <line number="397" hits="76" branch="False" />
                <line number="398" hits="76" branch="True" condition-coverage="100% (4/4)">
                  <conditions>
                    <condition number="85" type="jump" coverage="100%" />
                    <condition number="108" type="jump" coverage="100%" />
                  </conditions>
                </line>
                <line number="399" hits="6" branch="False" />
                <line number="400" hits="6" branch="False" />
                <line number="403" hits="70" branch="True" condition-coverage="100% (2/2)">
                  <conditions>
                    <condition number="124" type="jump" coverage="100%" />
                  </conditions>
                </line>
                <line number="404" hits="68" branch="False" />
                <line number="405" hits="68" branch="False" />
                <line number="406" hits="68" branch="False" />
                <line number="407" hits="70" branch="False" />
                <line number="409" hits="6" branch="True" condition-coverage="75% (3/4)">
                  <conditions>
                    <condition number="170" type="jump" coverage="50%" />
                    <condition number="195" type="jump" coverage="100%" />
                  </conditions>
                </line>
                <line number="410" hits="6" branch="False" />
                <line number="411" hits="6" branch="False" />
                <line number="412" hits="6" branch="False" />
                <line number="414" hits="6" branch="True" condition-coverage="75% (3/4)">
                  <conditions>
                    <condition number="222" type="jump" coverage="50%" />
                    <condition number="247" type="jump" coverage="100%" />
                  </conditions>
                </line>
                <line number="415" hits="6" branch="False" />
                <line number="416" hits="6" branch="False" />
                <line number="417" hits="6" branch="False" />
                <line number="419" hits="6" branch="False" />
                <line number="422" hits="197" branch="False" />
                <line number="423" hits="203" branch="False" />
              </lines>
            </method>
            <method name="SkipHashComment" signature="()" line-rate="1" branch-rate="1" complexity="6">
              <lines>
                <line number="429" hits="136" branch="False" />
                <line number="430" hits="136" branch="True" condition-coverage="100% (2/2)">
                  <conditions>
                    <condition number="19" type="jump" coverage="100%" />
                  </conditions>
                </line>
                <line number="431" hits="3" branch="False" />
                <line number="432" hits="3" branch="False" />
                <line number="433" hits="43" branch="True" condition-coverage="100% (4/4)">
                  <conditions>
                    <condition number="87" type="jump" coverage="100%" />
                    <condition number="61" type="jump" coverage="100%" />
                  </conditions>
                </line>
                <line number="434" hits="40" branch="False" />
                <line number="435" hits="40" branch="False" />
                <line number="436" hits="40" branch="False" />
                <line number="438" hits="3" branch="False" />
                <line number="441" hits="133" branch="False" />
                <line number="442" hits="136" branch="False" />
              </lines>
            </method>
            <method name=".ctor" signature="(System.String)" line-rate="1" branch-rate="1" complexity="1">
              <lines>
                <line number="42" hits="31" branch="False" />
                <line number="43" hits="31" branch="False" />
                <line number="44" hits="31" branch="False" />
              </lines>
            </method>
            <method name=".cctor" signature="()" line-rate="1" branch-rate="1" complexity="1">
              <lines>
                <line number="9" hits="1" branch="False" />
                <line number="10" hits="1" branch="False" />
                <line number="11" hits="1" branch="False" />
                <line number="12" hits="1" branch="False" />
                <line number="13" hits="1" branch="False" />
                <line number="14" hits="1" branch="False" />
                <line number="15" hits="1" branch="False" />
                <line number="16" hits="1" branch="False" />
                <line number="17" hits="1" branch="False" />
                <line number="18" hits="1" branch="False" />
                <line number="19" hits="1" branch="False" />
                <line number="20" hits="1" branch="False" />
                <line number="21" hits="1" branch="False" />
                <line number="22" hits="1" branch="False" />
                <line number="23" hits="1" branch="False" />
                <line number="24" hits="1" branch="False" />
                <line number="25" hits="1" branch="False" />
                <line number="26" hits="1" branch="False" />
                <line number="27" hits="1" branch="False" />
                <line number="28" hits="1" branch="False" />
                <line number="29" hits="1" branch="False" />
                <line number="30" hits="1" branch="False" />
                <line number="31" hits="1" branch="False" />
                <line number="33" hits="1" branch="False" />
                <line number="34" hits="1" branch="False" />
                <line number="35" hits="1" branch="False" />
                <line number="36" hits="1" branch="False" />
                <line number="37" hits="1" branch="False" />
              </lines>
            </method>
          </methods>
          <lines>
            <line number="50" hits="160" branch="False" />
            <line number="51" hits="160" branch="False" />
            <line number="53" hits="160" branch="True" condition-coverage="100% (2/2)">
              <conditions>
                <condition number="21" type="jump" coverage="100%" />
              </conditions>
            </line>
            <line number="54" hits="31" branch="False" />
            <line number="55" hits="31" branch="False" />
            <line number="58" hits="129" branch="False" />
            <line number="60" hits="129" branch="True" condition-coverage="100% (4/4)">
              <conditions>
                <condition number="56" type="jump" coverage="100%" />
                <condition number="68" type="jump" coverage="100%" />
              </conditions>
            </line>
            <line number="61" hits="73" branch="False" />
            <line number="62" hits="73" branch="False" />
            <line number="65" hits="56" branch="True" condition-coverage="100% (2/2)">
              <conditions>
                <condition number="93" type="jump" coverage="100%" />
              </conditions>
            </line>
            <line number="66" hits="12" branch="False" />
            <line number="67" hits="12" branch="False" />
            <line number="70" hits="44" branch="True" condition-coverage="100% (2/2)">
              <conditions>
                <condition number="117" type="jump" coverage="100%" />
              </conditions>
            </line>
            <line number="71" hits="9" branch="False" />
            <line number="72" hits="9" branch="False" />
            <line number="75" hits="35" branch="True" condition-coverage="92.85% (26/28)">
              <conditions>
                <condition number="143" type="jump" coverage="100%" />
                <condition number="150" type="switch" coverage="93.75%" />
                <condition number="256" type="jump" coverage="100%" />
                <condition number="222" type="switch" coverage="83.33%" />
                <condition number="267" type="jump" coverage="100%" />
              </conditions>
            </line>
            <line number="78" hits="2" branch="False" />
            <line number="79" hits="2" branch="False" />
            <line number="82" hits="2" branch="False" />
            <line number="83" hits="2" branch="False" />
            <line number="86" hits="2" branch="False" />
            <line number="87" hits="2" branch="False" />
            <line number="90" hits="2" branch="False" />
            <line number="92" hits="2" branch="True" condition-coverage="50% (1/2)">
              <conditions>
                <condition number="384" type="jump" coverage="50%" />
              </conditions>
            </line>
            <line number="93" hits="0" branch="False" />
            <line number="94" hits="0" branch="False" />
            <line number="95" hits="0" branch="False" />
            <line number="98" hits="2" branch="False" />
            <line number="101" hits="5" branch="False" />
            <line number="102" hits="5" branch="True" condition-coverage="100% (2/2)">
              <conditions>
                <condition number="451" type="jump" coverage="100%" />
              </conditions>
            </line>
            <line number="103" hits="1" branch="False" />
            <line number="104" hits="1" branch="False" />
            <line number="105" hits="1" branch="False" />
            <line number="108" hits="4" branch="False" />
            <line number="111" hits="3" branch="False" />
            <line number="112" hits="3" branch="True" condition-coverage="100% (2/2)">
              <conditions>
                <condition number="524" type="jump" coverage="100%" />
              </conditions>
            </line>
            <line number="113" hits="1" branch="False" />
            <line number="114" hits="1" branch="False" />
            <line number="115" hits="1" branch="False" />
            <line number="118" hits="2" branch="False" />
            <line number="121" hits="3" branch="False" />
            <line number="122" hits="3" branch="True" condition-coverage="100% (2/2)">
              <conditions>
                <condition number="597" type="jump" coverage="100%" />
              </conditions>
            </line>
            <line number="123" hits="1" branch="False" />
            <line number="124" hits="1" branch="False" />
            <line number="125" hits="1" branch="False" />
            <line number="128" hits="2" branch="False" />
            <line number="131" hits="3" branch="False" />
            <line number="132" hits="3" branch="True" condition-coverage="100% (2/2)">
              <conditions>
                <condition number="670" type="jump" coverage="100%" />
              </conditions>
            </line>
            <line number="133" hits="1" branch="False" />
            <line number="134" hits="1" branch="False" />
            <line number="135" hits="1" branch="False" />
            <line number="138" hits="2" branch="False" />
            <line number="141" hits="1" branch="False" />
            <line number="142" hits="1" branch="False" />
            <line number="145" hits="1" branch="False" />
            <line number="146" hits="1" branch="False" />
            <line number="149" hits="2" branch="False" />
            <line number="150" hits="2" branch="False" />
            <line number="153" hits="2" branch="False" />
            <line number="154" hits="2" branch="False" />
            <line number="157" hits="1" branch="False" />
            <line number="158" hits="1" branch="False" />
            <line number="161" hits="5" branch="False" />
            <line number="162" hits="5" branch="False" />
            <line number="165" hits="0" branch="False" />
            <line number="166" hits="0" branch="False" />
            <line number="169" hits="0" branch="False" />
            <line number="170" hits="0" branch="False" />
            <line number="173" hits="1" branch="False" />
            <line number="174" hits="1" branch="False" />
            <line number="175" hits="160" branch="False" />
            <line number="182" hits="12" branch="False" />
            <line number="183" hits="12" branch="False" />
            <line number="185" hits="34" branch="True" condition-coverage="100% (2/2)">
              <conditions>
                <condition number="61" type="jump" coverage="100%" />
              </conditions>
            </line>
            <line number="186" hits="22" branch="False" />
            <line number="187" hits="22" branch="False" />
            <line number="188" hits="22" branch="False" />
            <line number="189" hits="22" branch="False" />
            <line number="191" hits="12" branch="True" condition-coverage="100% (4/4)">
              <conditions>
                <condition number="77" type="jump" coverage="100%" />
                <condition number="101" type="jump" coverage="100%" />
              </conditions>
            </line>
            <line number="192" hits="3" branch="False" />
            <line number="193" hits="3" branch="False" />
            <line number="194" hits="3" branch="False" />
            <line number="195" hits="7" branch="True" condition-coverage="100% (2/2)">
              <conditions>
                <condition number="194" type="jump" coverage="100%" />
              </conditions>
            </line>
            <line number="196" hits="4" branch="False" />
            <line number="197" hits="4" branch="False" />
            <line number="198" hits="4" branch="False" />
            <line number="199" hits="4" branch="False" />
            <line number="201" hits="3" branch="True" condition-coverage="50% (1/2)">
              <conditions>
                <condition number="223" type="jump" coverage="50%" />
              </conditions>
            </line>
            <line number="202" hits="3" branch="False" />
            <line number="203" hits="3" branch="False" />
            <line number="206" hits="0" branch="False" />
            <line number="209" hits="9" branch="True" condition-coverage="50% (1/2)">
              <conditions>
                <condition number="273" type="jump" coverage="50%" />
              </conditions>
            </line>
            <line number="210" hits="9" branch="False" />
            <line number="211" hits="9" branch="True" condition-coverage="50% (2/4)">
              <conditions>
                <condition number="283" type="jump" coverage="50%" />
                <condition number="304" type="jump" coverage="50%" />
              </conditions>
            </line>
            <line number="212" hits="9" branch="False" />
            <line number="213" hits="9" branch="False" />
            <line number="216" hits="0" branch="False" />
            <line number="219" hits="0" branch="False" />
            <line number="220" hits="12" branch="False" />
            <line number="227" hits="9" branch="False" />
            <line number="228" hits="9" branch="False" />
            <line number="230" hits="9" branch="False" />
            <line number="232" hits="50" branch="True" condition-coverage="100% (2/2)">
              <conditions>
                <condition number="439" type="jump" coverage="100%" />
              </conditions>
            </line>
            <line number="233" hits="49" branch="False" />
            <line number="234" hits="49" branch="False" />
            <line number="236" hits="49" branch="True" condition-coverage="100% (2/2)">
              <conditions>
                <condition number="45" type="jump" coverage="100%" />
              </conditions>
            </line>
            <line number="237" hits="5" branch="False" />
            <line number="238" hits="5" branch="False" />
            <line number="239" hits="5" branch="False" />
            <line number="242" hits="44" branch="True" condition-coverage="100% (2/2)">
              <conditions>
                <condition number="88" type="jump" coverage="100%" />
              </conditions>
            </line>
            <line number="243" hits="1" branch="False" />
            <line number="244" hits="7" branch="True" condition-coverage="75% (3/4)">
              <conditions>
                <condition number="146" type="jump" coverage="100%" />
                <condition number="118" type="jump" coverage="50%" />
              </conditions>
            </line>
            <line number="245" hits="6" branch="False" />
            <line number="246" hits="6" branch="False" />
            <line number="247" hits="6" branch="False" />
            <line number="249" hits="1" branch="True" condition-coverage="75% (3/4)">
              <conditions>
                <condition number="159" type="jump" coverage="50%" />
                <condition number="184" type="jump" coverage="100%" />
              </conditions>
            </line>
            <line number="250" hits="1" branch="False" />
            <line number="251" hits="1" branch="False" />
            <line number="252" hits="1" branch="False" />
            <line number="254" hits="1" branch="False" />
            <line number="257" hits="43" branch="True" condition-coverage="100% (2/2)">
              <conditions>
                <condition number="222" type="jump" coverage="100%" />
              </conditions>
            </line>
            <line number="258" hits="4" branch="False" />
            <line number="259" hits="4" branch="True" condition-coverage="100% (2/2)">
              <conditions>
                <condition number="242" type="jump" coverage="100%" />
              </conditions>
            </line>
            <line number="260" hits="2" branch="False" />
            <line number="261" hits="2" branch="False" />
            <line number="263" hits="11" branch="True" condition-coverage="100% (6/6)">
              <conditions>
                <condition number="331" type="jump" coverage="100%" />
                <condition number="287" type="jump" coverage="100%" />
                <condition number="303" type="jump" coverage="100%" />
              </conditions>
            </line>
            <line number="264" hits="9" branch="False" />
            <line number="265" hits="9" branch="False" />
            <line number="266" hits="9" branch="False" />
            <line number="268" hits="2" branch="True" condition-coverage="75% (3/4)">
              <conditions>
                <condition number="344" type="jump" coverage="50%" />
                <condition number="369" type="jump" coverage="100%" />
              </conditions>
            </line>
            <line number="269" hits="2" branch="False" />
            <line number="270" hits="2" branch="False" />
            <line number="271" hits="2" branch="False" />
            <line number="273" hits="2" branch="False" />
            <line number="275" hits="2" branch="False" />
            <line number="277" hits="39" branch="False" />
            <line number="278" hits="39" branch="False" />
            <line number="279" hits="39" branch="False" />
            <line number="280" hits="39" branch="False" />
            <line number="281" hits="41" branch="False" />
            <line number="283" hits="1" branch="False" />
            <line number="284" hits="9" branch="False" />
            <line number="291" hits="4" branch="False" />
            <line number="292" hits="4" branch="False" />
            <line number="294" hits="4" branch="True" condition-coverage="50% (1/2)">
              <conditions>
                <condition number="26" type="jump" coverage="50%" />
              </conditions>
            </line>
            <line number="295" hits="0" branch="False" />
            <line number="296" hits="0" branch="False" />
            <line number="299" hits="4" branch="False" />
            <line number="301" hits="4" branch="True" condition-coverage="100% (2/2)">
              <conditions>
                <condition number="63" type="jump" coverage="100%" />
              </conditions>
            </line>
            <line number="302" hits="2" branch="False" />
            <line number="303" hits="2" branch="False" />
            <line number="304" hits="2" branch="False" />
            <line number="305" hits="2" branch="False" />
            <line number="308" hits="2" branch="False" />
            <line number="309" hits="4" branch="False" />
            <line number="316" hits="73" branch="False" />
            <line number="317" hits="73" branch="False" />
            <line number="318" hits="73" branch="False" />
            <line number="319" hits="73" branch="False" />
            <line number="320" hits="73" branch="False" />
            <line number="322" hits="177" branch="True" condition-coverage="100% (2/2)">
              <conditions>
                <condition number="132" type="jump" coverage="100%" />
              </conditions>
            </line>
            <line number="323" hits="161" branch="False" />
            <line number="324" hits="161" branch="False" />
            <line number="325" hits="161" branch="True" condition-coverage="100% (6/6)">
              <conditions>
                <condition number="62" type="jump" coverage="100%" />
                <condition number="70" type="jump" coverage="100%" />
                <condition number="84" type="jump" coverage="100%" />
              </conditions>
            </line>
            <line number="326" hits="104" branch="False" />
            <line number="327" hits="104" branch="False" />
            <line number="328" hits="104" branch="False" />
            <line number="329" hits="104" branch="False" />
            <line number="331" hits="57" branch="False" />
            <line number="332" hits="57" branch="False" />
            <line number="334" hits="104" branch="False" />
            <line number="336" hits="73" branch="False" />
            <line number="338" hits="73" branch="True" condition-coverage="100% (2/2)">
              <conditions>
                <condition number="158" type="jump" coverage="100%" />
              </conditions>
            </line>
            <line number="339" hits="27" branch="False" />
            <line number="340" hits="27" branch="True" condition-coverage="100% (4/4)">
              <conditions>
                <condition number="172" type="jump" coverage="100%" />
                <condition number="192" type="jump" coverage="100%" />
              </conditions>
            </line>
            <line number="341" hits="2" branch="False" />
            <line number="342" hits="2" branch="True" condition-coverage="100% (2/2)">
              <conditions>
                <condition number="206" type="jump" coverage="100%" />
              </conditions>
            </line>
            <line number="345" hits="25" branch="False" />
            <line number="348" hits="46" branch="False" />
            <line number="349" hits="73" branch="False" />
            <line number="355" hits="160" branch="False" />
            <line number="356" hits="167" branch="False" />
            <line number="357" hits="167" branch="False" />
            <line number="358" hits="167" branch="False" />
            <line number="360" hits="167" branch="True" condition-coverage="100% (2/2)">
              <conditions>
                <condition number="24" type="jump" coverage="100%" />
              </conditions>
            </line>
            <line number="361" hits="31" branch="False" />
            <line number="362" hits="31" branch="False" />
            <line number="365" hits="136" branch="True" condition-coverage="100% (4/4)">
              <conditions>
                <condition number="35" type="jump" coverage="100%" />
                <condition number="48" type="jump" coverage="100%" />
              </conditions>
            </line>
            <line number="366" hits="7" branch="False" />
            <line number="367" hits="7" branch="False" />
            <line number="370" hits="129" branch="False" />
            <line number="372" hits="160" branch="False" />
            <line number="378" hits="167" branch="False" />
            <line number="379" hits="264" branch="True" condition-coverage="100% (4/4)">
              <conditions>
                <condition number="52" type="jump" coverage="100%" />
                <condition number="28" type="jump" coverage="100%" />
              </conditions>
            </line>
            <line number="380" hits="97" branch="False" />
            <line number="381" hits="97" branch="False" />
            <line number="382" hits="97" branch="False" />
            <line number="383" hits="167" branch="False" />
            <line number="390" hits="203" branch="False" />
            <line number="391" hits="203" branch="True" condition-coverage="100% (4/4)">
              <conditions>
                <condition number="15" type="jump" coverage="100%" />
                <condition number="38" type="jump" coverage="100%" />
              </conditions>
            </line>
            <line number="392" hits="6" branch="False" />
            <line number="393" hits="6" branch="False" />
            <line number="394" hits="6" branch="False" />
            <line number="396" hits="76" branch="True" condition-coverage="100% (2/2)">
              <conditions>
                <condition number="157" type="jump" coverage="100%" />
              </conditions>
            </line>
            <line number="397" hits="76" branch="False" />
            <line number="398" hits="76" branch="True" condition-coverage="100% (4/4)">
              <conditions>
                <condition number="85" type="jump" coverage="100%" />
                <condition number="108" type="jump" coverage="100%" />
              </conditions>
            </line>
            <line number="399" hits="6" branch="False" />
            <line number="400" hits="6" branch="False" />
            <line number="403" hits="70" branch="True" condition-coverage="100% (2/2)">
              <conditions>
                <condition number="124" type="jump" coverage="100%" />
              </conditions>
            </line>
            <line number="404" hits="68" branch="False" />
            <line number="405" hits="68" branch="False" />
            <line number="406" hits="68" branch="False" />
            <line number="407" hits="70" branch="False" />
            <line number="409" hits="6" branch="True" condition-coverage="75% (3/4)">
              <conditions>
                <condition number="170" type="jump" coverage="50%" />
                <condition number="195" type="jump" coverage="100%" />
              </conditions>
            </line>
            <line number="410" hits="6" branch="False" />
            <line number="411" hits="6" branch="False" />
            <line number="412" hits="6" branch="False" />
            <line number="414" hits="6" branch="True" condition-coverage="75% (3/4)">
              <conditions>
                <condition number="222" type="jump" coverage="50%" />
                <condition number="247" type="jump" coverage="100%" />
              </conditions>
            </line>
            <line number="415" hits="6" branch="False" />
            <line number="416" hits="6" branch="False" />
            <line number="417" hits="6" branch="False" />
            <line number="419" hits="6" branch="False" />
            <line number="422" hits="197" branch="False" />
            <line number="423" hits="203" branch="False" />
            <line number="429" hits="136" branch="False" />
            <line number="430" hits="136" branch="True" condition-coverage="100% (2/2)">
              <conditions>
                <condition number="19" type="jump" coverage="100%" />
              </conditions>
            </line>
            <line number="431" hits="3" branch="False" />
            <line number="432" hits="3" branch="False" />
            <line number="433" hits="43" branch="True" condition-coverage="100% (4/4)">
              <conditions>
                <condition number="87" type="jump" coverage="100%" />
                <condition number="61" type="jump" coverage="100%" />
              </conditions>
            </line>
            <line number="434" hits="40" branch="False" />
            <line number="435" hits="40" branch="False" />
            <line number="436" hits="40" branch="False" />
            <line number="438" hits="3" branch="False" />
            <line number="441" hits="133" branch="False" />
            <line number="442" hits="136" branch="False" />
            <line number="42" hits="31" branch="False" />
            <line number="43" hits="31" branch="False" />
            <line number="44" hits="31" branch="False" />
            <line number="9" hits="1" branch="False" />
            <line number="10" hits="1" branch="False" />
            <line number="11" hits="1" branch="False" />
            <line number="12" hits="1" branch="False" />
            <line number="13" hits="1" branch="False" />
            <line number="14" hits="1" branch="False" />
            <line number="15" hits="1" branch="False" />
            <line number="16" hits="1" branch="False" />
            <line number="17" hits="1" branch="False" />
            <line number="18" hits="1" branch="False" />
            <line number="19" hits="1" branch="False" />
            <line number="20" hits="1" branch="False" />
            <line number="21" hits="1" branch="False" />
            <line number="22" hits="1" branch="False" />
            <line number="23" hits="1" branch="False" />
            <line number="24" hits="1" branch="False" />
            <line number="25" hits="1" branch="False" />
            <line number="26" hits="1" branch="False" />
            <line number="27" hits="1" branch="False" />
            <line number="28" hits="1" branch="False" />
            <line number="29" hits="1" branch="False" />
            <line number="30" hits="1" branch="False" />
            <line number="31" hits="1" branch="False" />
            <line number="33" hits="1" branch="False" />
            <line number="34" hits="1" branch="False" />
            <line number="35" hits="1" branch="False" />
            <line number="36" hits="1" branch="False" />
            <line number="37" hits="1" branch="False" />
          </lines>
        </class>
        <class name="PsTiger.Lexemes.TextScanner" filename="TextScanner.cs" line-rate="1" branch-rate="1" complexity="5">
          <methods>
            <method name="Peek" signature="(System.Int32)" line-rate="1" branch-rate="1" complexity="2">
              <lines>
                <line number="27" hits="1262" branch="False" />
                <line number="28" hits="1262" branch="False" />
                <line number="29" hits="1262" branch="True" condition-coverage="100% (2/2)">
                  <conditions>
                    <condition number="22" type="jump" coverage="100%" />
                  </conditions>
                </line>
                <line number="30" hits="1262" branch="False" />
              </lines>
            </method>
            <method name="Advance" signature="()" line-rate="1" branch-rate="1" complexity="1">
              <lines>
                <line number="36" hits="556" branch="False" />
                <line number="37" hits="556" branch="False" />
                <line number="38" hits="556" branch="False" />
              </lines>
            </method>
            <method name="IsEnd" signature="()" line-rate="1" branch-rate="1" complexity="1">
              <lines>
                <line number="45" hits="974" branch="False" />
                <line number="46" hits="974" branch="False" />
                <line number="47" hits="974" branch="False" />
              </lines>
            </method>
            <method name=".ctor" signature="(System.String)" line-rate="1" branch-rate="1" complexity="1">
              <lines>
                <line number="16" hits="31" branch="False" />
                <line number="17" hits="31" branch="False" />
                <line number="18" hits="31" branch="False" />
                <line number="19" hits="31" branch="False" />
              </lines>
            </method>
          </methods>
          <lines>
            <line number="27" hits="1262" branch="False" />
            <line number="28" hits="1262" branch="False" />
            <line number="29" hits="1262" branch="True" condition-coverage="100% (2/2)">
              <conditions>
                <condition number="22" type="jump" coverage="100%" />
              </conditions>
            </line>
            <line number="30" hits="1262" branch="False" />
            <line number="36" hits="556" branch="False" />
            <line number="37" hits="556" branch="False" />
            <line number="38" hits="556" branch="False" />
            <line number="45" hits="974" branch="False" />
            <line number="46" hits="974" branch="False" />
            <line number="47" hits="974" branch="False" />
            <line number="16" hits="31" branch="False" />
            <line number="17" hits="31" branch="False" />
            <line number="18" hits="31" branch="False" />
            <line number="19" hits="31" branch="False" />
          </lines>
        </class>
        <class name="PsTiger.Lexemes.Token" filename="Token.cs" line-rate="0.7931" branch-rate="0.3333" complexity="11">
          <methods>
            <method name="Equals" signature="(System.Object)" line-rate="0" branch-rate="0" complexity="4">
              <lines>
                <line number="35" hits="0" branch="False" />
                <line number="36" hits="0" branch="True" condition-coverage="0% (0/2)">
                  <conditions>
                    <condition number="14" type="jump" coverage="0%" />
                  </conditions>
                </line>
                <line number="37" hits="0" branch="False" />
                <line number="38" hits="0" branch="True" condition-coverage="0% (0/2)">
                  <conditions>
                    <condition number="29" type="jump" coverage="0%" />
                  </conditions>
                </line>
                <line number="41" hits="0" branch="False" />
                <line number="42" hits="0" branch="False" />
              </lines>
            </method>
            <method name="GetHashCode" signature="()" line-rate="1" branch-rate="1" complexity="1">
              <lines>
                <line number="45" hits="516" branch="False" />
                <line number="46" hits="516" branch="False" />
                <line number="47" hits="516" branch="False" />
              </lines>
            </method>
            <method name="ToString" signature="()" line-rate="1" branch-rate="1" complexity="2">
              <lines>
                <line number="50" hits="95" branch="False" />
                <line number="51" hits="95" branch="False" />
                <line number="52" hits="95" branch="False" />
                <line number="54" hits="95" branch="True" condition-coverage="100% (2/2)">
                  <conditions>
                    <condition number="45" type="jump" coverage="100%" />
                  </conditions>
                </line>
                <line number="55" hits="74" branch="False" />
                <line number="56" hits="74" branch="False" />
                <line number="57" hits="74" branch="False" />
                <line number="59" hits="95" branch="False" />
                <line number="60" hits="95" branch="False" />
              </lines>
            </method>
            <method name=".ctor" signature="(PsTiger.Lexemes.TokenType)" line-rate="1" branch-rate="1" complexity="1">
              <lines>
                <line number="8" hits="109" branch="False" />
                <line number="10" hits="109" branch="False" />
              </lines>
            </method>
            <method name=".ctor" signature="(PsTiger.Lexemes.TokenType,System.String)" line-rate="1" branch-rate="1" complexity="1">
              <lines>
                <line number="13" hits="186" branch="False" />
                <line number="15" hits="186" branch="False" />
                <line number="16" hits="186" branch="False" />
              </lines>
            </method>
            <method name=".ctor" signature="(PsTiger.Lexemes.TokenType,System.Int32)" line-rate="1" branch-rate="1" complexity="1">
              <lines>
                <line number="19" hits="18" branch="False" />
                <line number="21" hits="18" branch="False" />
                <line number="22" hits="18" branch="False" />
              </lines>
            </method>
            <method name=".ctor" signature="(PsTiger.Lexemes.TokenType,System.Double)" line-rate="1" branch-rate="1" complexity="1">
              <lines>
                <line number="25" hits="6" branch="False" />
                <line number="27" hits="6" branch="False" />
                <line number="28" hits="6" branch="False" />
              </lines>
            </method>
          </methods>
          <lines>
            <line number="35" hits="0" branch="False" />
            <line number="36" hits="0" branch="True" condition-coverage="0% (0/2)">
              <conditions>
                <condition number="14" type="jump" coverage="0%" />
              </conditions>
            </line>
            <line number="37" hits="0" branch="False" />
            <line number="38" hits="0" branch="True" condition-coverage="0% (0/2)">
              <conditions>
                <condition number="29" type="jump" coverage="0%" />
              </conditions>
            </line>
            <line number="41" hits="0" branch="False" />
            <line number="42" hits="0" branch="False" />
            <line number="45" hits="516" branch="False" />
            <line number="46" hits="516" branch="False" />
            <line number="47" hits="516" branch="False" />
            <line number="50" hits="95" branch="False" />
            <line number="51" hits="95" branch="False" />
            <line number="52" hits="95" branch="False" />
            <line number="54" hits="95" branch="True" condition-coverage="100% (2/2)">
              <conditions>
                <condition number="45" type="jump" coverage="100%" />
              </conditions>
            </line>
            <line number="55" hits="74" branch="False" />
            <line number="56" hits="74" branch="False" />
            <line number="57" hits="74" branch="False" />
            <line number="59" hits="95" branch="False" />
            <line number="60" hits="95" branch="False" />
            <line number="8" hits="109" branch="False" />
            <line number="10" hits="109" branch="False" />
            <line number="13" hits="186" branch="False" />
            <line number="15" hits="186" branch="False" />
            <line number="16" hits="186" branch="False" />
            <line number="19" hits="18" branch="False" />
            <line number="21" hits="18" branch="False" />
            <line number="22" hits="18" branch="False" />
            <line number="25" hits="6" branch="False" />
            <line number="27" hits="6" branch="False" />
            <line number="28" hits="6" branch="False" />
          </lines>
        </class>
        <class name="PsTiger.Lexemes.TokenValue" filename="TokenValue.cs" line-rate="0.4" branch-rate="0.1666" complexity="34">
          <methods>
            <method name="ToString" signature="()" line-rate="0.8887999999999999" branch-rate="0.8332999999999999" complexity="6">
              <lines>
                <line number="26" hits="74" branch="False" />
                <line number="27" hits="74" branch="True" condition-coverage="83.33% (5/6)">
                  <conditions>
                    <condition number="22" type="jump" coverage="100%" />
                    <condition number="31" type="jump" coverage="100%" />
                    <condition number="50" type="jump" coverage="50%" />
                  </conditions>
                </line>
                <line number="28" hits="74" branch="False" />
                <line number="29" hits="64" branch="False" />
                <line number="30" hits="7" branch="False" />
                <line number="31" hits="3" branch="False" />
                <line number="32" hits="0" branch="False" />
                <line number="33" hits="74" branch="False" />
                <line number="34" hits="74" branch="False" />
              </lines>
            </method>
            <method name="ToInt" signature="()" line-rate="0" branch-rate="0" complexity="4">
              <lines>
                <line number="37" hits="0" branch="False" />
                <line number="38" hits="0" branch="True" condition-coverage="0% (0/4)">
                  <conditions>
                    <condition number="20" type="jump" coverage="0%" />
                    <condition number="28" type="jump" coverage="0%" />
                  </conditions>
                </line>
                <line number="39" hits="0" branch="False" />
                <line number="40" hits="0" branch="False" />
                <line number="41" hits="0" branch="False" />
                <line number="42" hits="0" branch="False" />
                <line number="43" hits="0" branch="False" />
                <line number="44" hits="0" branch="False" />
              </lines>
            </method>
            <method name="ToDouble" signature="()" line-rate="0" branch-rate="0" complexity="6">
              <lines>
                <line number="47" hits="0" branch="False" />
                <line number="48" hits="0" branch="True" condition-coverage="0% (0/6)">
                  <conditions>
                    <condition number="22" type="jump" coverage="0%" />
                    <condition number="31" type="jump" coverage="0%" />
                    <condition number="50" type="jump" coverage="0%" />
                  </conditions>
                </line>
                <line number="49" hits="0" branch="False" />
                <line number="50" hits="0" branch="False" />
                <line number="51" hits="0" branch="False" />
                <line number="52" hits="0" branch="False" />
                <line number="53" hits="0" branch="False" />
                <line number="54" hits="0" branch="False" />
                <line number="55" hits="0" branch="False" />
              </lines>
            </method>
            <method name="Equals" signature="(System.Object)" line-rate="0" branch-rate="0" complexity="14">
              <lines>
                <line number="58" hits="0" branch="False" />
                <line number="59" hits="0" branch="True" condition-coverage="0% (0/2)">
                  <conditions>
                    <condition number="14" type="jump" coverage="0%" />
                  </conditions>
                </line>
                <line number="60" hits="0" branch="False" />
                <line number="61" hits="0" branch="True" condition-coverage="0% (0/6)">
                  <conditions>
                    <condition number="41" type="jump" coverage="0%" />
                    <condition number="50" type="jump" coverage="0%" />
                    <condition number="70" type="jump" coverage="0%" />
                  </conditions>
                </line>
                <line number="62" hits="0" branch="False" />
                <line number="63" hits="0" branch="True" condition-coverage="0% (0/2)">
                  <conditions>
                    <condition number="98" type="jump" coverage="0%" />
                  </conditions>
                </line>
                <line number="64" hits="0" branch="True" condition-coverage="0% (0/2)">
                  <conditions>
                    <condition number="131" type="jump" coverage="0%" />
                  </conditions>
                </line>
                <line number="65" hits="0" branch="True" condition-coverage="0% (0/2)">
                  <conditions>
                    <condition number="172" type="jump" coverage="0%" />
                  </conditions>
                </line>
                <line number="66" hits="0" branch="False" />
                <line number="67" hits="0" branch="False" />
                <line number="70" hits="0" branch="False" />
                <line number="71" hits="0" branch="False" />
              </lines>
            </method>
            <method name="GetHashCode" signature="()" line-rate="1" branch-rate="1" complexity="1">
              <lines>
                <line number="74" hits="910" branch="False" />
                <line number="75" hits="910" branch="False" />
                <line number="76" hits="910" branch="False" />
              </lines>
            </method>
            <method name=".ctor" signature="(System.String)" line-rate="1" branch-rate="1" complexity="1">
              <lines>
                <line number="11" hits="186" branch="False" />
                <line number="12" hits="186" branch="False" />
                <line number="13" hits="186" branch="False" />
              </lines>
            </method>
            <method name=".ctor" signature="(System.Int32)" line-rate="1" branch-rate="1" complexity="1">
              <lines>
                <line number="16" hits="18" branch="False" />
                <line number="17" hits="18" branch="False" />
                <line number="18" hits="18" branch="False" />
              </lines>
            </method>
            <method name=".ctor" signature="(System.Double)" line-rate="1" branch-rate="1" complexity="1">
              <lines>
                <line number="21" hits="6" branch="False" />
                <line number="22" hits="6" branch="False" />
                <line number="23" hits="6" branch="False" />
              </lines>
            </method>
          </methods>
          <lines>
            <line number="26" hits="74" branch="False" />
            <line number="27" hits="74" branch="True" condition-coverage="83.33% (5/6)">
              <conditions>
                <condition number="22" type="jump" coverage="100%" />
                <condition number="31" type="jump" coverage="100%" />
                <condition number="50" type="jump" coverage="50%" />
              </conditions>
            </line>
            <line number="28" hits="74" branch="False" />
            <line number="29" hits="64" branch="False" />
            <line number="30" hits="7" branch="False" />
            <line number="31" hits="3" branch="False" />
            <line number="32" hits="0" branch="False" />
            <line number="33" hits="74" branch="False" />
            <line number="34" hits="74" branch="False" />
            <line number="37" hits="0" branch="False" />
            <line number="38" hits="0" branch="True" condition-coverage="0% (0/4)">
              <conditions>
                <condition number="20" type="jump" coverage="0%" />
                <condition number="28" type="jump" coverage="0%" />
              </conditions>
            </line>
            <line number="39" hits="0" branch="False" />
            <line number="40" hits="0" branch="False" />
            <line number="41" hits="0" branch="False" />
            <line number="42" hits="0" branch="False" />
            <line number="43" hits="0" branch="False" />
            <line number="44" hits="0" branch="False" />
            <line number="47" hits="0" branch="False" />
            <line number="48" hits="0" branch="True" condition-coverage="0% (0/6)">
              <conditions>
                <condition number="22" type="jump" coverage="0%" />
                <condition number="31" type="jump" coverage="0%" />
                <condition number="50" type="jump" coverage="0%" />
              </conditions>
            </line>
            <line number="49" hits="0" branch="False" />
            <line number="50" hits="0" branch="False" />
            <line number="51" hits="0" branch="False" />
            <line number="52" hits="0" branch="False" />
            <line number="53" hits="0" branch="False" />
            <line number="54" hits="0" branch="False" />
            <line number="55" hits="0" branch="False" />
            <line number="58" hits="0" branch="False" />
            <line number="59" hits="0" branch="True" condition-coverage="0% (0/2)">
              <conditions>
                <condition number="14" type="jump" coverage="0%" />
              </conditions>
            </line>
            <line number="60" hits="0" branch="False" />
            <line number="61" hits="0" branch="True" condition-coverage="0% (0/6)">
              <conditions>
                <condition number="41" type="jump" coverage="0%" />
                <condition number="50" type="jump" coverage="0%" />
                <condition number="70" type="jump" coverage="0%" />
              </conditions>
            </line>
            <line number="62" hits="0" branch="False" />
            <line number="63" hits="0" branch="True" condition-coverage="0% (0/2)">
              <conditions>
                <condition number="98" type="jump" coverage="0%" />
              </conditions>
            </line>
            <line number="64" hits="0" branch="True" condition-coverage="0% (0/2)">
              <conditions>
                <condition number="131" type="jump" coverage="0%" />
              </conditions>
            </line>
            <line number="65" hits="0" branch="True" condition-coverage="0% (0/2)">
              <conditions>
                <condition number="172" type="jump" coverage="0%" />
              </conditions>
            </line>
            <line number="66" hits="0" branch="False" />
            <line number="67" hits="0" branch="False" />
            <line number="70" hits="0" branch="False" />
            <line number="71" hits="0" branch="False" />
            <line number="74" hits="910" branch="False" />
            <line number="75" hits="910" branch="False" />
            <line number="76" hits="910" branch="False" />
            <line number="11" hits="186" branch="False" />
            <line number="12" hits="186" branch="False" />
            <line number="13" hits="186" branch="False" />
            <line number="16" hits="18" branch="False" />
            <line number="17" hits="18" branch="False" />
            <line number="18" hits="18" branch="False" />
            <line number="21" hits="6" branch="False" />
            <line number="22" hits="6" branch="False" />
            <line number="23" hits="6" branch="False" />
          </lines>
        </class>
      </classes>
    </package>
  </packages>
</coverage>