<?xml version="1.0" encoding="utf-8" standalone="yes"?>
<coverage line-rate="0.3872394188250158" branch-rate="0.41208791208791207" complexity="577" version="1.9" timestamp="1775840497" lines-covered="613" lines-valid="1583" branches-covered="225" branches-valid="546">
  <sources>
    <source>D:\tyap\</source>
    <source>D:\tyap\src\ExampleLib\</source>
    <source>D:\tyap\src\Lexemes\</source>
  </sources>
  <packages>
    <package line-rate="0" branch-rate="0" complexity="32" name="Ast">
      <classes>
        <class line-rate="0" branch-rate="1" complexity="1" name="PsTiger.Ast.Builtins" filename="src\Ast\Builtins.cs">
          <methods>
            <method line-rate="0" branch-rate="1" complexity="1" name=".cctor" signature="()">
              <lines>
                <line number="25" hits="0" branch="False" />
                <line number="26" hits="0" branch="False" />
                <line number="27" hits="0" branch="False" />
                <line number="28" hits="0" branch="False" />
                <line number="29" hits="0" branch="False" />
                <line number="30" hits="0" branch="False" />
                <line number="31" hits="0" branch="False" />
                <line number="32" hits="0" branch="False" />
                <line number="33" hits="0" branch="False" />
                <line number="34" hits="0" branch="False" />
                <line number="35" hits="0" branch="False" />
                <line number="36" hits="0" branch="False" />
                <line number="37" hits="0" branch="False" />
                <line number="38" hits="0" branch="False" />
                <line number="39" hits="0" branch="False" />
                <line number="40" hits="0" branch="False" />
                <line number="41" hits="0" branch="False" />
                <line number="42" hits="0" branch="False" />
                <line number="43" hits="0" branch="False" />
                <line number="44" hits="0" branch="False" />
                <line number="45" hits="0" branch="False" />
                <line number="46" hits="0" branch="False" />
                <line number="47" hits="0" branch="False" />
                <line number="48" hits="0" branch="False" />
                <line number="49" hits="0" branch="False" />
                <line number="50" hits="0" branch="False" />
                <line number="51" hits="0" branch="False" />
                <line number="52" hits="0" branch="False" />
                <line number="53" hits="0" branch="False" />
                <line number="54" hits="0" branch="False" />
                <line number="55" hits="0" branch="False" />
                <line number="56" hits="0" branch="False" />
                <line number="57" hits="0" branch="False" />
                <line number="58" hits="0" branch="False" />
                <line number="59" hits="0" branch="False" />
                <line number="60" hits="0" branch="False" />
                <line number="61" hits="0" branch="False" />
                <line number="62" hits="0" branch="False" />
                <line number="63" hits="0" branch="False" />
                <line number="64" hits="0" branch="False" />
                <line number="65" hits="0" branch="False" />
                <line number="66" hits="0" branch="False" />
                <line number="67" hits="0" branch="False" />
                <line number="68" hits="0" branch="False" />
                <line number="69" hits="0" branch="False" />
                <line number="70" hits="0" branch="False" />
                <line number="71" hits="0" branch="False" />
                <line number="72" hits="0" branch="False" />
                <line number="73" hits="0" branch="False" />
                <line number="74" hits="0" branch="False" />
                <line number="75" hits="0" branch="False" />
                <line number="76" hits="0" branch="False" />
                <line number="77" hits="0" branch="False" />
                <line number="78" hits="0" branch="False" />
                <line number="79" hits="0" branch="False" />
                <line number="80" hits="0" branch="False" />
                <line number="81" hits="0" branch="False" />
                <line number="82" hits="0" branch="False" />
                <line number="83" hits="0" branch="False" />
                <line number="84" hits="0" branch="False" />
                <line number="85" hits="0" branch="False" />
                <line number="86" hits="0" branch="False" />
                <line number="87" hits="0" branch="False" />
                <line number="88" hits="0" branch="False" />
                <line number="89" hits="0" branch="False" />
                <line number="90" hits="0" branch="False" />
                <line number="91" hits="0" branch="False" />
                <line number="92" hits="0" branch="False" />
                <line number="93" hits="0" branch="False" />
                <line number="94" hits="0" branch="False" />
              </lines>
            </method>
          </methods>
          <lines>
            <line number="25" hits="0" branch="False" />
            <line number="26" hits="0" branch="False" />
            <line number="27" hits="0" branch="False" />
            <line number="28" hits="0" branch="False" />
            <line number="29" hits="0" branch="False" />
            <line number="30" hits="0" branch="False" />
            <line number="31" hits="0" branch="False" />
            <line number="32" hits="0" branch="False" />
            <line number="33" hits="0" branch="False" />
            <line number="34" hits="0" branch="False" />
            <line number="35" hits="0" branch="False" />
            <line number="36" hits="0" branch="False" />
            <line number="37" hits="0" branch="False" />
            <line number="38" hits="0" branch="False" />
            <line number="39" hits="0" branch="False" />
            <line number="40" hits="0" branch="False" />
            <line number="41" hits="0" branch="False" />
            <line number="42" hits="0" branch="False" />
            <line number="43" hits="0" branch="False" />
            <line number="44" hits="0" branch="False" />
            <line number="45" hits="0" branch="False" />
            <line number="46" hits="0" branch="False" />
            <line number="47" hits="0" branch="False" />
            <line number="48" hits="0" branch="False" />
            <line number="49" hits="0" branch="False" />
            <line number="50" hits="0" branch="False" />
            <line number="51" hits="0" branch="False" />
            <line number="52" hits="0" branch="False" />
            <line number="53" hits="0" branch="False" />
            <line number="54" hits="0" branch="False" />
            <line number="55" hits="0" branch="False" />
            <line number="56" hits="0" branch="False" />
            <line number="57" hits="0" branch="False" />
            <line number="58" hits="0" branch="False" />
            <line number="59" hits="0" branch="False" />
            <line number="60" hits="0" branch="False" />
            <line number="61" hits="0" branch="False" />
            <line number="62" hits="0" branch="False" />
            <line number="63" hits="0" branch="False" />
            <line number="64" hits="0" branch="False" />
            <line number="65" hits="0" branch="False" />
            <line number="66" hits="0" branch="False" />
            <line number="67" hits="0" branch="False" />
            <line number="68" hits="0" branch="False" />
            <line number="69" hits="0" branch="False" />
            <line number="70" hits="0" branch="False" />
            <line number="71" hits="0" branch="False" />
            <line number="72" hits="0" branch="False" />
            <line number="73" hits="0" branch="False" />
            <line number="74" hits="0" branch="False" />
            <line number="75" hits="0" branch="False" />
            <line number="76" hits="0" branch="False" />
            <line number="77" hits="0" branch="False" />
            <line number="78" hits="0" branch="False" />
            <line number="79" hits="0" branch="False" />
            <line number="80" hits="0" branch="False" />
            <line number="81" hits="0" branch="False" />
            <line number="82" hits="0" branch="False" />
            <line number="83" hits="0" branch="False" />
            <line number="84" hits="0" branch="False" />
            <line number="85" hits="0" branch="False" />
            <line number="86" hits="0" branch="False" />
            <line number="87" hits="0" branch="False" />
            <line number="88" hits="0" branch="False" />
            <line number="89" hits="0" branch="False" />
            <line number="90" hits="0" branch="False" />
            <line number="91" hits="0" branch="False" />
            <line number="92" hits="0" branch="False" />
            <line number="93" hits="0" branch="False" />
            <line number="94" hits="0" branch="False" />
          </lines>
        </class>
        <class line-rate="0" branch-rate="1" complexity="1" name="PsTiger.Ast.Program" filename="src\Ast\Program.cs">
          <methods>
            <method line-rate="0" branch-rate="1" complexity="1" name="Accept" signature="(PsTiger.Ast.IAstVisitor)">
              <lines>
                <line number="27" hits="0" branch="False" />
                <line number="28" hits="0" branch="False" />
                <line number="29" hits="0" branch="False" />
              </lines>
            </method>
            <method line-rate="0" branch-rate="1" complexity="1" name=".ctor" signature="(System.Collections.Generic.IReadOnlyList`1&lt;PsTiger.Ast.Declarations.Declaration&gt;,PsTiger.Ast.Declarations.FunctionDeclaration)">
              <lines>
                <line number="13" hits="0" branch="False" />
                <line number="14" hits="0" branch="False" />
                <line number="15" hits="0" branch="False" />
                <line number="16" hits="0" branch="False" />
                <line number="17" hits="0" branch="False" />
                <line number="20" hits="0" branch="False" />
              </lines>
            </method>
          </methods>
          <lines>
            <line number="27" hits="0" branch="False" />
            <line number="28" hits="0" branch="False" />
            <line number="29" hits="0" branch="False" />
            <line number="13" hits="0" branch="False" />
            <line number="14" hits="0" branch="False" />
            <line number="15" hits="0" branch="False" />
            <line number="16" hits="0" branch="False" />
            <line number="17" hits="0" branch="False" />
            <line number="20" hits="0" branch="False" />
          </lines>
        </class>
        <class line-rate="0" branch-rate="1" complexity="1" name="PsTiger.Ast.Statements.AssignmentStatement" filename="src\Ast\Statements\AssignmentStatement.cs">
          <methods>
            <method line-rate="0" branch-rate="1" complexity="1" name="Accept" signature="(PsTiger.Ast.IAstVisitor)">
              <lines>
                <line number="20" hits="0" branch="False" />
              </lines>
            </method>
            <method line-rate="0" branch-rate="1" complexity="1" name=".ctor" signature="(System.String,PsTiger.Ast.Expressions.Expression)">
              <lines>
                <line number="10" hits="0" branch="False" />
                <line number="11" hits="0" branch="False" />
                <line number="14" hits="0" branch="False" />
              </lines>
            </method>
          </methods>
          <lines>
            <line number="20" hits="0" branch="False" />
            <line number="10" hits="0" branch="False" />
            <line number="11" hits="0" branch="False" />
            <line number="14" hits="0" branch="False" />
          </lines>
        </class>
        <class line-rate="0" branch-rate="1" complexity="1" name="PsTiger.Ast.Statements.BlockStatement" filename="src\Ast\Statements\BlockStatement.cs">
          <methods>
            <method line-rate="0" branch-rate="1" complexity="1" name="Accept" signature="(PsTiger.Ast.IAstVisitor)">
              <lines>
                <line number="17" hits="0" branch="False" />
              </lines>
            </method>
            <method line-rate="0" branch-rate="1" complexity="1" name=".ctor" signature="(System.Collections.Generic.IReadOnlyList`1&lt;PsTiger.Ast.AstNode&gt;)">
              <lines>
                <line number="10" hits="0" branch="False" />
                <line number="11" hits="0" branch="False" />
                <line number="13" hits="0" branch="False" />
              </lines>
            </method>
          </methods>
          <lines>
            <line number="17" hits="0" branch="False" />
            <line number="10" hits="0" branch="False" />
            <line number="11" hits="0" branch="False" />
            <line number="13" hits="0" branch="False" />
          </lines>
        </class>
        <class line-rate="0" branch-rate="1" complexity="1" name="PsTiger.Ast.Statements.BreakStatement" filename="src\Ast\Statements\BreakStatement.cs">
          <methods>
            <method line-rate="0" branch-rate="1" complexity="1" name="Accept" signature="(PsTiger.Ast.IAstVisitor)">
              <lines>
                <line number="8" hits="0" branch="False" />
              </lines>
            </method>
          </methods>
          <lines>
            <line number="8" hits="0" branch="False" />
          </lines>
        </class>
        <class line-rate="0" branch-rate="1" complexity="1" name="PsTiger.Ast.Statements.ContinueStatement" filename="src\Ast\Statements\ContinueStatement.cs">
          <methods>
            <method line-rate="0" branch-rate="1" complexity="1" name="Accept" signature="(PsTiger.Ast.IAstVisitor)">
              <lines>
                <line number="8" hits="0" branch="False" />
              </lines>
            </method>
          </methods>
          <lines>
            <line number="8" hits="0" branch="False" />
          </lines>
        </class>
        <class line-rate="0" branch-rate="1" complexity="1" name="PsTiger.Ast.Statements.ForStatement" filename="src\Ast\Statements\ForStatement.cs">
          <methods>
            <method line-rate="0" branch-rate="1" complexity="1" name="Accept" signature="(PsTiger.Ast.IAstVisitor)">
              <lines>
                <line number="30" hits="0" branch="False" />
              </lines>
            </method>
            <method line-rate="0" branch-rate="1" complexity="1" name=".ctor" signature="(PsTiger.Ast.Statements.AssignmentStatement,PsTiger.Ast.Expressions.Expression,PsTiger.Ast.Statements.AssignmentStatement,PsTiger.Ast.Statements.Statement)">
              <lines>
                <line number="10" hits="0" branch="False" />
                <line number="11" hits="0" branch="False" />
                <line number="12" hits="0" branch="False" />
                <line number="13" hits="0" branch="False" />
                <line number="14" hits="0" branch="False" />
                <line number="15" hits="0" branch="False" />
                <line number="20" hits="0" branch="False" />
              </lines>
            </method>
          </methods>
          <lines>
            <line number="30" hits="0" branch="False" />
            <line number="10" hits="0" branch="False" />
            <line number="11" hits="0" branch="False" />
            <line number="12" hits="0" branch="False" />
            <line number="13" hits="0" branch="False" />
            <line number="14" hits="0" branch="False" />
            <line number="15" hits="0" branch="False" />
            <line number="20" hits="0" branch="False" />
          </lines>
        </class>
        <class line-rate="0" branch-rate="1" complexity="1" name="PsTiger.Ast.Statements.FunctionCallStatement" filename="src\Ast\Statements\FunctionCallStatement.cs">
          <methods>
            <method line-rate="0" branch-rate="1" complexity="1" name="Accept" signature="(PsTiger.Ast.IAstVisitor)">
              <lines>
                <line number="19" hits="0" branch="False" />
                <line number="20" hits="0" branch="False" />
                <line number="21" hits="0" branch="False" />
              </lines>
            </method>
            <method line-rate="0" branch-rate="1" complexity="1" name=".ctor" signature="(PsTiger.Ast.Expressions.FunctionCallExpression)">
              <lines>
                <line number="11" hits="0" branch="False" />
                <line number="12" hits="0" branch="False" />
                <line number="14" hits="0" branch="False" />
              </lines>
            </method>
          </methods>
          <lines>
            <line number="19" hits="0" branch="False" />
            <line number="20" hits="0" branch="False" />
            <line number="21" hits="0" branch="False" />
            <line number="11" hits="0" branch="False" />
            <line number="12" hits="0" branch="False" />
            <line number="14" hits="0" branch="False" />
          </lines>
        </class>
        <class line-rate="0" branch-rate="1" complexity="1" name="PsTiger.Ast.Statements.IfStatement" filename="src\Ast\Statements\IfStatement.cs">
          <methods>
            <method line-rate="0" branch-rate="1" complexity="1" name="Accept" signature="(PsTiger.Ast.IAstVisitor)">
              <lines>
                <line number="23" hits="0" branch="False" />
              </lines>
            </method>
            <method line-rate="0" branch-rate="1" complexity="1" name=".ctor" signature="(PsTiger.Ast.Expressions.Expression,PsTiger.Ast.Statements.Statement,PsTiger.Ast.Statements.Statement)">
              <lines>
                <line number="10" hits="0" branch="False" />
                <line number="11" hits="0" branch="False" />
                <line number="15" hits="0" branch="False" />
              </lines>
            </method>
          </methods>
          <lines>
            <line number="23" hits="0" branch="False" />
            <line number="10" hits="0" branch="False" />
            <line number="11" hits="0" branch="False" />
            <line number="15" hits="0" branch="False" />
          </lines>
        </class>
        <class line-rate="0" branch-rate="1" complexity="1" name="PsTiger.Ast.Statements.PrintStatement" filename="src\Ast\Statements\PrintStatement.cs">
          <methods>
            <method line-rate="0" branch-rate="1" complexity="1" name="Accept" signature="(PsTiger.Ast.IAstVisitor)">
              <lines>
                <line number="20" hits="0" branch="False" />
                <line number="21" hits="0" branch="False" />
                <line number="22" hits="0" branch="False" />
              </lines>
            </method>
            <method line-rate="0" branch-rate="1" complexity="1" name=".ctor" signature="(System.Collections.Generic.IReadOnlyList`1&lt;PsTiger.Ast.Expressions.Expression&gt;)">
              <lines>
                <line number="12" hits="0" branch="False" />
                <line number="13" hits="0" branch="False" />
                <line number="15" hits="0" branch="False" />
              </lines>
            </method>
          </methods>
          <lines>
            <line number="20" hits="0" branch="False" />
            <line number="21" hits="0" branch="False" />
            <line number="22" hits="0" branch="False" />
            <line number="12" hits="0" branch="False" />
            <line number="13" hits="0" branch="False" />
            <line number="15" hits="0" branch="False" />
          </lines>
        </class>
        <class line-rate="0" branch-rate="1" complexity="1" name="PsTiger.Ast.Statements.ReturnStatement" filename="src\Ast\Statements\ReturnStatement.cs">
          <methods>
            <method line-rate="0" branch-rate="1" complexity="1" name="Accept" signature="(PsTiger.Ast.IAstVisitor)">
              <lines>
                <line number="17" hits="0" branch="False" />
              </lines>
            </method>
            <method line-rate="0" branch-rate="1" complexity="1" name=".ctor" signature="(PsTiger.Ast.Expressions.Expression)">
              <lines>
                <line number="10" hits="0" branch="False" />
                <line number="11" hits="0" branch="False" />
                <line number="13" hits="0" branch="False" />
              </lines>
            </method>
          </methods>
          <lines>
            <line number="17" hits="0" branch="False" />
            <line number="10" hits="0" branch="False" />
            <line number="11" hits="0" branch="False" />
            <line number="13" hits="0" branch="False" />
          </lines>
        </class>
        <class line-rate="0" branch-rate="1" complexity="1" name="PsTiger.Ast.Statements.WhileStatement" filename="src\Ast\Statements\WhileStatement.cs">
          <methods>
            <method line-rate="0" branch-rate="1" complexity="1" name="Accept" signature="(PsTiger.Ast.IAstVisitor)">
              <lines>
                <line number="20" hits="0" branch="False" />
              </lines>
            </method>
            <method line-rate="0" branch-rate="1" complexity="1" name=".ctor" signature="(PsTiger.Ast.Expressions.Expression,PsTiger.Ast.Statements.Statement)">
              <lines>
                <line number="10" hits="0" branch="False" />
                <line number="11" hits="0" branch="False" />
                <line number="14" hits="0" branch="False" />
              </lines>
            </method>
          </methods>
          <lines>
            <line number="20" hits="0" branch="False" />
            <line number="10" hits="0" branch="False" />
            <line number="11" hits="0" branch="False" />
            <line number="14" hits="0" branch="False" />
          </lines>
        </class>
        <class line-rate="0" branch-rate="1" complexity="1" name="PsTiger.Ast.Expressions.BinaryOperationExpression" filename="src\Ast\Expressions\BinaryOperationExpression.cs">
          <methods>
            <method line-rate="0" branch-rate="1" complexity="1" name="Accept" signature="(PsTiger.Ast.IAstVisitor)">
              <lines>
                <line number="21" hits="0" branch="False" />
                <line number="22" hits="0" branch="False" />
                <line number="23" hits="0" branch="False" />
              </lines>
            </method>
            <method line-rate="0" branch-rate="1" complexity="1" name=".ctor" signature="(PsTiger.Ast.Expressions.Expression,PsTiger.Ast.Expressions.BinaryOperation,PsTiger.Ast.Expressions.Expression)">
              <lines>
                <line number="7" hits="0" branch="False" />
                <line number="8" hits="0" branch="False" />
                <line number="12" hits="0" branch="False" />
              </lines>
            </method>
          </methods>
          <lines>
            <line number="21" hits="0" branch="False" />
            <line number="22" hits="0" branch="False" />
            <line number="23" hits="0" branch="False" />
            <line number="7" hits="0" branch="False" />
            <line number="8" hits="0" branch="False" />
            <line number="12" hits="0" branch="False" />
          </lines>
        </class>
        <class line-rate="0" branch-rate="1" complexity="1" name="PsTiger.Ast.Expressions.Expression" filename="src\Ast\Expressions\Expression.cs">
          <methods>
            <method line-rate="0" branch-rate="1" complexity="1" name="get_ResultType" signature="()">
              <lines>
                <line number="19" hits="0" branch="False" />
              </lines>
            </method>
            <method line-rate="0" branch-rate="1" complexity="1" name="set_ResultType" signature="(PsTiger.Runtime.ValueType)">
              <lines>
                <line number="20" hits="0" branch="False" />
              </lines>
            </method>
          </methods>
          <lines>
            <line number="19" hits="0" branch="False" />
            <line number="20" hits="0" branch="False" />
          </lines>
        </class>
        <class line-rate="0" branch-rate="1" complexity="1" name="PsTiger.Ast.Expressions.FunctionCallExpression" filename="src\Ast\Expressions\FunctionCallExpression.cs">
          <methods>
            <method line-rate="0" branch-rate="1" complexity="1" name="get_Function" signature="()">
              <lines>
                <line number="28" hits="0" branch="False" />
              </lines>
            </method>
            <method line-rate="0" branch-rate="1" complexity="1" name="set_Function" signature="(PsTiger.Ast.Declarations.AbstractFunctionDeclaration)">
              <lines>
                <line number="29" hits="0" branch="False" />
              </lines>
            </method>
            <method line-rate="0" branch-rate="1" complexity="1" name="Accept" signature="(PsTiger.Ast.IAstVisitor)">
              <lines>
                <line number="35" hits="0" branch="False" />
                <line number="36" hits="0" branch="False" />
                <line number="37" hits="0" branch="False" />
              </lines>
            </method>
            <method line-rate="0" branch-rate="1" complexity="1" name=".ctor" signature="(System.String,System.Collections.Generic.IReadOnlyList`1&lt;PsTiger.Ast.Expressions.Expression&gt;)">
              <lines>
                <line number="18" hits="0" branch="False" />
                <line number="19" hits="0" branch="False" />
                <line number="22" hits="0" branch="False" />
              </lines>
            </method>
          </methods>
          <lines>
            <line number="28" hits="0" branch="False" />
            <line number="29" hits="0" branch="False" />
            <line number="35" hits="0" branch="False" />
            <line number="36" hits="0" branch="False" />
            <line number="37" hits="0" branch="False" />
            <line number="18" hits="0" branch="False" />
            <line number="19" hits="0" branch="False" />
            <line number="22" hits="0" branch="False" />
          </lines>
        </class>
        <class line-rate="0" branch-rate="1" complexity="1" name="PsTiger.Ast.Expressions.LiteralExpression" filename="src\Ast\Expressions\LiteralExpression.cs">
          <methods>
            <method line-rate="0" branch-rate="1" complexity="1" name="Accept" signature="(PsTiger.Ast.IAstVisitor)">
              <lines>
                <line number="29" hits="0" branch="False" />
                <line number="30" hits="0" branch="False" />
                <line number="31" hits="0" branch="False" />
              </lines>
            </method>
            <method line-rate="0" branch-rate="1" complexity="1" name=".ctor" signature="(PsTiger.Runtime.ValueType,PsTiger.Runtime.Value)">
              <lines>
                <line number="12" hits="0" branch="False" />
                <line number="13" hits="0" branch="False" />
                <line number="16" hits="0" branch="False" />
              </lines>
            </method>
          </methods>
          <lines>
            <line number="29" hits="0" branch="False" />
            <line number="30" hits="0" branch="False" />
            <line number="31" hits="0" branch="False" />
            <line number="12" hits="0" branch="False" />
            <line number="13" hits="0" branch="False" />
            <line number="16" hits="0" branch="False" />
          </lines>
        </class>
        <class line-rate="0" branch-rate="1" complexity="1" name="PsTiger.Ast.Expressions.UnaryNotExpression" filename="src\Ast\Expressions\UnaryNotExpression.cs">
          <methods>
            <method line-rate="0" branch-rate="1" complexity="1" name="Accept" signature="(PsTiger.Ast.IAstVisitor)">
              <lines>
                <line number="15" hits="0" branch="False" />
                <line number="16" hits="0" branch="False" />
                <line number="17" hits="0" branch="False" />
              </lines>
            </method>
            <method line-rate="0" branch-rate="1" complexity="1" name=".ctor" signature="(PsTiger.Ast.Expressions.Expression)">
              <lines>
                <line number="7" hits="0" branch="False" />
                <line number="8" hits="0" branch="False" />
                <line number="10" hits="0" branch="False" />
              </lines>
            </method>
          </methods>
          <lines>
            <line number="15" hits="0" branch="False" />
            <line number="16" hits="0" branch="False" />
            <line number="17" hits="0" branch="False" />
            <line number="7" hits="0" branch="False" />
            <line number="8" hits="0" branch="False" />
            <line number="10" hits="0" branch="False" />
          </lines>
        </class>
        <class line-rate="0" branch-rate="1" complexity="1" name="PsTiger.Ast.Expressions.VariableAccessExpression" filename="src\Ast\Expressions\VariableAccessExpression.cs">
          <methods>
            <method line-rate="0" branch-rate="1" complexity="1" name="get_Variable" signature="()">
              <lines>
                <line number="25" hits="0" branch="False" />
              </lines>
            </method>
            <method line-rate="0" branch-rate="1" complexity="1" name="set_Variable" signature="(PsTiger.Ast.Declarations.AbstractVariableDeclaration)">
              <lines>
                <line number="26" hits="0" branch="False" />
              </lines>
            </method>
            <method line-rate="0" branch-rate="1" complexity="1" name="Accept" signature="(PsTiger.Ast.IAstVisitor)">
              <lines>
                <line number="30" hits="0" branch="False" />
                <line number="31" hits="0" branch="False" />
                <line number="32" hits="0" branch="False" />
              </lines>
            </method>
            <method line-rate="0" branch-rate="1" complexity="1" name=".ctor" signature="(System.String)">
              <lines>
                <line number="16" hits="0" branch="False" />
                <line number="17" hits="0" branch="False" />
                <line number="19" hits="0" branch="False" />
              </lines>
            </method>
          </methods>
          <lines>
            <line number="25" hits="0" branch="False" />
            <line number="26" hits="0" branch="False" />
            <line number="30" hits="0" branch="False" />
            <line number="31" hits="0" branch="False" />
            <line number="32" hits="0" branch="False" />
            <line number="16" hits="0" branch="False" />
            <line number="17" hits="0" branch="False" />
            <line number="19" hits="0" branch="False" />
          </lines>
        </class>
        <class line-rate="0" branch-rate="1" complexity="1" name="PsTiger.Ast.Declarations.AbstractFunctionDeclaration" filename="src\Ast\Declarations\AbstractFunctionDeclaration.cs">
          <methods>
            <method line-rate="0" branch-rate="1" complexity="1" name=".ctor" signature="(System.String,System.Collections.Generic.IReadOnlyList`1&lt;PsTiger.Ast.Declarations.AbstractParameterDeclaration&gt;)">
              <lines>
                <line number="10" hits="0" branch="False" />
                <line number="11" hits="0" branch="False" />
                <line number="12" hits="0" branch="False" />
                <line number="13" hits="0" branch="False" />
                <line number="14" hits="0" branch="False" />
                <line number="17" hits="0" branch="False" />
              </lines>
            </method>
          </methods>
          <lines>
            <line number="10" hits="0" branch="False" />
            <line number="11" hits="0" branch="False" />
            <line number="12" hits="0" branch="False" />
            <line number="13" hits="0" branch="False" />
            <line number="14" hits="0" branch="False" />
            <line number="17" hits="0" branch="False" />
          </lines>
        </class>
        <class line-rate="0" branch-rate="1" complexity="1" name="PsTiger.Ast.Declarations.AbstractParameterDeclaration" filename="src\Ast\Declarations\AbstractParameterDeclaration.cs">
          <methods>
            <method line-rate="0" branch-rate="1" complexity="1" name=".ctor" signature="(System.String)">
              <lines>
                <line number="9" hits="0" branch="False" />
                <line number="10" hits="0" branch="False" />
                <line number="11" hits="0" branch="False" />
              </lines>
            </method>
          </methods>
          <lines>
            <line number="9" hits="0" branch="False" />
            <line number="10" hits="0" branch="False" />
            <line number="11" hits="0" branch="False" />
          </lines>
        </class>
        <class line-rate="0" branch-rate="1" complexity="1" name="PsTiger.Ast.Declarations.AbstractVariableDeclaration" filename="src\Ast\Declarations\AbstractVariableDeclaration.cs">
          <methods>
            <method line-rate="0" branch-rate="1" complexity="1" name=".ctor" signature="(System.String)">
              <lines>
                <line number="8" hits="0" branch="False" />
                <line number="9" hits="0" branch="False" />
                <line number="11" hits="0" branch="False" />
              </lines>
            </method>
          </methods>
          <lines>
            <line number="8" hits="0" branch="False" />
            <line number="9" hits="0" branch="False" />
            <line number="11" hits="0" branch="False" />
          </lines>
        </class>
        <class line-rate="0" branch-rate="1" complexity="1" name="PsTiger.Ast.Declarations.BuiltinFunction" filename="src\Ast\Declarations\BuiltinFunction.cs">
          <methods>
            <method line-rate="0" branch-rate="1" complexity="1" name="Accept" signature="(PsTiger.Ast.IAstVisitor)">
              <lines>
                <line number="23" hits="0" branch="False" />
                <line number="24" hits="0" branch="False" />
              </lines>
            </method>
            <method line-rate="0" branch-rate="1" complexity="1" name=".ctor" signature="(System.String,System.Collections.Generic.IReadOnlyList`1&lt;PsTiger.Ast.Declarations.BuiltinFunctionParameter&gt;,PsTiger.Runtime.ValueType)">
              <lines>
                <line number="17" hits="0" branch="False" />
                <line number="18" hits="0" branch="False" />
                <line number="19" hits="0" branch="False" />
                <line number="20" hits="0" branch="False" />
              </lines>
            </method>
          </methods>
          <lines>
            <line number="23" hits="0" branch="False" />
            <line number="24" hits="0" branch="False" />
            <line number="17" hits="0" branch="False" />
            <line number="18" hits="0" branch="False" />
            <line number="19" hits="0" branch="False" />
            <line number="20" hits="0" branch="False" />
          </lines>
        </class>
        <class line-rate="0" branch-rate="1" complexity="1" name="PsTiger.Ast.Declarations.BuiltinFunctionParameter" filename="src\Ast\Declarations\BuiltinFunctionParameter.cs">
          <methods>
            <method line-rate="0" branch-rate="1" complexity="1" name="Accept" signature="(PsTiger.Ast.IAstVisitor)">
              <lines>
                <line number="21" hits="0" branch="False" />
                <line number="22" hits="0" branch="False" />
              </lines>
            </method>
            <method line-rate="0" branch-rate="1" complexity="1" name=".ctor" signature="(System.String,PsTiger.Runtime.ValueType)">
              <lines>
                <line number="13" hits="0" branch="False" />
                <line number="14" hits="0" branch="False" />
                <line number="16" hits="0" branch="False" />
              </lines>
            </method>
          </methods>
          <lines>
            <line number="21" hits="0" branch="False" />
            <line number="22" hits="0" branch="False" />
            <line number="13" hits="0" branch="False" />
            <line number="14" hits="0" branch="False" />
            <line number="16" hits="0" branch="False" />
          </lines>
        </class>
        <class line-rate="0" branch-rate="1" complexity="1" name="PsTiger.Ast.Declarations.ConstantDeclaration" filename="src\Ast\Declarations\ConstantDeclaration.cs">
          <methods>
            <method line-rate="0" branch-rate="1" complexity="1" name="Accept" signature="(PsTiger.Ast.IAstVisitor)">
              <lines>
                <line number="28" hits="0" branch="False" />
              </lines>
            </method>
            <method line-rate="0" branch-rate="1" complexity="1" name=".ctor" signature="(System.String,System.String,PsTiger.Runtime.ValueType,PsTiger.Ast.Expressions.Expression)">
              <lines>
                <line number="12" hits="0" branch="False" />
                <line number="13" hits="0" branch="False" />
                <line number="16" hits="0" branch="False" />
                <line number="18" hits="0" branch="False" />
              </lines>
            </method>
          </methods>
          <lines>
            <line number="28" hits="0" branch="False" />
            <line number="12" hits="0" branch="False" />
            <line number="13" hits="0" branch="False" />
            <line number="16" hits="0" branch="False" />
            <line number="18" hits="0" branch="False" />
          </lines>
        </class>
        <class line-rate="0" branch-rate="1" complexity="1" name="PsTiger.Ast.Declarations.Declaration" filename="src\Ast\Declarations\Declaration.cs">
          <methods>
            <method line-rate="0" branch-rate="1" complexity="1" name="get_ResultType" signature="()">
              <lines>
                <line number="17" hits="0" branch="False" />
              </lines>
            </method>
            <method line-rate="0" branch-rate="1" complexity="1" name="set_ResultType" signature="(PsTiger.Runtime.ValueType)">
              <lines>
                <line number="19" hits="0" branch="False" />
              </lines>
            </method>
          </methods>
          <lines>
            <line number="17" hits="0" branch="False" />
            <line number="19" hits="0" branch="False" />
          </lines>
        </class>
        <class line-rate="0" branch-rate="1" complexity="1" name="PsTiger.Ast.Declarations.FunctionDeclaration" filename="src\Ast\Declarations\FunctionDeclaration.cs">
          <methods>
            <method line-rate="0" branch-rate="1" complexity="1" name="Accept" signature="(PsTiger.Ast.IAstVisitor)">
              <lines>
                <line number="31" hits="0" branch="False" />
              </lines>
            </method>
            <method line-rate="0" branch-rate="1" complexity="1" name=".ctor" signature="(System.String,System.Collections.Generic.IReadOnlyList`1&lt;PsTiger.Ast.Declarations.ParameterDeclaration&gt;,System.String,PsTiger.Runtime.ValueType,PsTiger.Ast.Statements.BlockStatement)">
              <lines>
                <line number="18" hits="0" branch="False" />
                <line number="19" hits="0" branch="False" />
                <line number="21" hits="0" branch="False" />
                <line number="23" hits="0" branch="False" />
              </lines>
            </method>
          </methods>
          <lines>
            <line number="31" hits="0" branch="False" />
            <line number="18" hits="0" branch="False" />
            <line number="19" hits="0" branch="False" />
            <line number="21" hits="0" branch="False" />
            <line number="23" hits="0" branch="False" />
          </lines>
        </class>
        <class line-rate="0" branch-rate="1" complexity="1" name="PsTiger.Ast.Declarations.ParameterDeclaration" filename="src\Ast\Declarations\ParameterDeclaration.cs">
          <methods>
            <method line-rate="0" branch-rate="1" complexity="1" name="Accept" signature="(PsTiger.Ast.IAstVisitor)">
              <lines>
                <line number="22" hits="0" branch="False" />
                <line number="23" hits="0" branch="False" />
                <line number="24" hits="0" branch="False" />
              </lines>
            </method>
            <method line-rate="0" branch-rate="1" complexity="1" name=".ctor" signature="(System.String,System.String,PsTiger.Runtime.ValueType)">
              <lines>
                <line number="11" hits="0" branch="False" />
                <line number="12" hits="0" branch="False" />
                <line number="14" hits="0" branch="False" />
                <line number="15" hits="0" branch="False" />
              </lines>
            </method>
          </methods>
          <lines>
            <line number="22" hits="0" branch="False" />
            <line number="23" hits="0" branch="False" />
            <line number="24" hits="0" branch="False" />
            <line number="11" hits="0" branch="False" />
            <line number="12" hits="0" branch="False" />
            <line number="14" hits="0" branch="False" />
            <line number="15" hits="0" branch="False" />
          </lines>
        </class>
        <class line-rate="0" branch-rate="1" complexity="1" name="PsTiger.Ast.Declarations.VariableDeclaration" filename="src\Ast\Declarations\VariableDeclaration.cs">
          <methods>
            <method line-rate="0" branch-rate="1" complexity="1" name="Accept" signature="(PsTiger.Ast.IAstVisitor)">
              <lines>
                <line number="29" hits="0" branch="False" />
                <line number="30" hits="0" branch="False" />
                <line number="31" hits="0" branch="False" />
              </lines>
            </method>
            <method line-rate="0" branch-rate="1" complexity="1" name=".ctor" signature="(System.String,System.String,PsTiger.Runtime.ValueType,PsTiger.Ast.Expressions.Expression)">
              <lines>
                <line number="15" hits="0" branch="False" />
                <line number="16" hits="0" branch="False" />
                <line number="18" hits="0" branch="False" />
                <line number="20" hits="0" branch="False" />
              </lines>
            </method>
          </methods>
          <lines>
            <line number="29" hits="0" branch="False" />
            <line number="30" hits="0" branch="False" />
            <line number="31" hits="0" branch="False" />
            <line number="15" hits="0" branch="False" />
            <line number="16" hits="0" branch="False" />
            <line number="18" hits="0" branch="False" />
            <line number="20" hits="0" branch="False" />
          </lines>
        </class>
        <class line-rate="0" branch-rate="0" complexity="4" name="PsTiger.Ast.Attributes.AstAttribute`1" filename="src\Ast\Attributes\AstAttribute.cs">
          <methods>
            <method line-rate="0" branch-rate="0" complexity="2" name="Get" signature="(System.String)">
              <lines>
                <line number="17" hits="0" branch="False" />
                <line number="18" hits="0" branch="True" condition-coverage="0% (0/2)">
                  <conditions>
                    <condition number="12" type="jump" coverage="0%" />
                  </conditions>
                </line>
                <line number="19" hits="0" branch="False" />
                <line number="20" hits="0" branch="False" />
                <line number="23" hits="0" branch="False" />
                <line number="24" hits="0" branch="False" />
              </lines>
            </method>
            <method line-rate="0" branch-rate="0" complexity="2" name="Set" signature="(T,System.String)">
              <lines>
                <line number="27" hits="0" branch="False" />
                <line number="28" hits="0" branch="True" condition-coverage="0% (0/2)">
                  <conditions>
                    <condition number="9" type="jump" coverage="0%" />
                  </conditions>
                </line>
                <line number="29" hits="0" branch="False" />
                <line number="30" hits="0" branch="False" />
                <line number="33" hits="0" branch="False" />
                <line number="34" hits="0" branch="False" />
                <line number="35" hits="0" branch="False" />
              </lines>
            </method>
          </methods>
          <lines>
            <line number="17" hits="0" branch="False" />
            <line number="18" hits="0" branch="True" condition-coverage="0% (0/2)">
              <conditions>
                <condition number="12" type="jump" coverage="0%" />
              </conditions>
            </line>
            <line number="19" hits="0" branch="False" />
            <line number="20" hits="0" branch="False" />
            <line number="23" hits="0" branch="False" />
            <line number="24" hits="0" branch="False" />
            <line number="27" hits="0" branch="False" />
            <line number="28" hits="0" branch="True" condition-coverage="0% (0/2)">
              <conditions>
                <condition number="9" type="jump" coverage="0%" />
              </conditions>
            </line>
            <line number="29" hits="0" branch="False" />
            <line number="30" hits="0" branch="False" />
            <line number="33" hits="0" branch="False" />
            <line number="34" hits="0" branch="False" />
            <line number="35" hits="0" branch="False" />
          </lines>
        </class>
      </classes>
    </package>
    <package line-rate="0.2962962962962963" branch-rate="0" complexity="4" name="PsTiger.Tests.TestLibrary">
      <classes>
        <class line-rate="0.2962962962962963" branch-rate="0" complexity="4" name="PsTiger.Tests.TestLibrary.TestDoubles.FakeEnvironment" filename="tests\TestLibrary\TestDoubles\FakeEnvironment.cs">
          <methods>
            <method line-rate="1" branch-rate="1" complexity="1" name="get_BufferedOutput" signature="()">
              <lines>
                <line number="22" hits="13" branch="False" />
              </lines>
            </method>
            <method line-rate="1" branch-rate="1" complexity="1" name="get_FlushedOutput" signature="()">
              <lines>
                <line number="27" hits="4" branch="False" />
              </lines>
            </method>
            <method line-rate="0" branch-rate="0" complexity="2" name="AddInput" signature="(System.String)">
              <lines>
                <line number="33" hits="0" branch="False" />
                <line number="34" hits="0" branch="True" condition-coverage="0% (0/2)">
                  <conditions>
                    <condition number="42" type="jump" coverage="0%" />
                  </conditions>
                </line>
                <line number="35" hits="0" branch="False" />
                <line number="36" hits="0" branch="False" />
                <line number="37" hits="0" branch="False" />
                <line number="38" hits="0" branch="False" />
              </lines>
            </method>
            <method line-rate="0" branch-rate="0" complexity="2" name="ReadChar" signature="()">
              <lines>
                <line number="45" hits="0" branch="False" />
                <line number="46" hits="0" branch="True" condition-coverage="0% (0/2)">
                  <conditions>
                    <condition number="16" type="jump" coverage="0%" />
                  </conditions>
                </line>
                <line number="47" hits="0" branch="False" />
                <line number="48" hits="0" branch="False" />
                <line number="51" hits="0" branch="False" />
                <line number="52" hits="0" branch="False" />
              </lines>
            </method>
            <method line-rate="1" branch-rate="1" complexity="1" name="Print" signature="(System.String)">
              <lines>
                <line number="58" hits="11" branch="False" />
                <line number="59" hits="11" branch="False" />
                <line number="60" hits="11" branch="False" />
              </lines>
            </method>
            <method line-rate="0" branch-rate="1" complexity="1" name="PrintInt" signature="(System.Int32)">
              <lines>
                <line number="66" hits="0" branch="False" />
                <line number="67" hits="0" branch="False" />
                <line number="68" hits="0" branch="False" />
              </lines>
            </method>
            <method line-rate="0" branch-rate="1" complexity="1" name="Flush" signature="()">
              <lines>
                <line number="74" hits="0" branch="False" />
                <line number="75" hits="0" branch="False" />
                <line number="76" hits="0" branch="False" />
                <line number="77" hits="0" branch="False" />
              </lines>
            </method>
            <method line-rate="1" branch-rate="1" complexity="1" name=".ctor" signature="()">
              <lines>
                <line number="15" hits="13" branch="False" />
                <line number="16" hits="13" branch="False" />
                <line number="17" hits="13" branch="False" />
              </lines>
            </method>
          </methods>
          <lines>
            <line number="22" hits="13" branch="False" />
            <line number="27" hits="4" branch="False" />
            <line number="33" hits="0" branch="False" />
            <line number="34" hits="0" branch="True" condition-coverage="0% (0/2)">
              <conditions>
                <condition number="42" type="jump" coverage="0%" />
              </conditions>
            </line>
            <line number="35" hits="0" branch="False" />
            <line number="36" hits="0" branch="False" />
            <line number="37" hits="0" branch="False" />
            <line number="38" hits="0" branch="False" />
            <line number="45" hits="0" branch="False" />
            <line number="46" hits="0" branch="True" condition-coverage="0% (0/2)">
              <conditions>
                <condition number="16" type="jump" coverage="0%" />
              </conditions>
            </line>
            <line number="47" hits="0" branch="False" />
            <line number="48" hits="0" branch="False" />
            <line number="51" hits="0" branch="False" />
            <line number="52" hits="0" branch="False" />
            <line number="58" hits="11" branch="False" />
            <line number="59" hits="11" branch="False" />
            <line number="60" hits="11" branch="False" />
            <line number="66" hits="0" branch="False" />
            <line number="67" hits="0" branch="False" />
            <line number="68" hits="0" branch="False" />
            <line number="74" hits="0" branch="False" />
            <line number="75" hits="0" branch="False" />
            <line number="76" hits="0" branch="False" />
            <line number="77" hits="0" branch="False" />
            <line number="15" hits="13" branch="False" />
            <line number="16" hits="13" branch="False" />
            <line number="17" hits="13" branch="False" />
          </lines>
        </class>
      </classes>
    </package>
    <package line-rate="0.3402777777777778" branch-rate="0.0975609756097561" complexity="83" name="Runtime">
      <classes>
        <class line-rate="0.48484848484848486" branch-rate="0.10810810810810811" complexity="74" name="PsTiger.Runtime.Value" filename="src\Runtime\Value.cs">
          <methods>
            <method line-rate="1" branch-rate="1" complexity="1" name="IsVoid" signature="()">
              <lines>
                <line number="41" hits="54" branch="False" />
              </lines>
            </method>
            <method line-rate="1" branch-rate="1" complexity="1" name="IsString" signature="()">
              <lines>
                <line number="43" hits="12" branch="False" />
              </lines>
            </method>
            <method line-rate="1" branch-rate="1" complexity="1" name="IsInt" signature="()">
              <lines>
                <line number="45" hits="13" branch="False" />
              </lines>
            </method>
            <method line-rate="1" branch-rate="1" complexity="1" name="IsFloat" signature="()">
              <lines>
                <line number="47" hits="1" branch="False" />
              </lines>
            </method>
            <method line-rate="0" branch-rate="1" complexity="1" name="IsBool" signature="()">
              <lines>
                <line number="49" hits="0" branch="False" />
              </lines>
            </method>
            <method line-rate="0.8571428571428571" branch-rate="0.5" complexity="2" name="AsString" signature="()">
              <lines>
                <line number="53" hits="14" branch="False" />
                <line number="54" hits="14" branch="True" condition-coverage="50% (1/2)">
                  <conditions>
                    <condition number="20" type="jump" coverage="50%" />
                  </conditions>
                </line>
                <line number="55" hits="14" branch="False" />
                <line number="56" hits="14" branch="False" />
                <line number="57" hits="0" branch="False" />
                <line number="58" hits="14" branch="False" />
                <line number="59" hits="14" branch="False" />
              </lines>
            </method>
            <method line-rate="0.8571428571428571" branch-rate="0.5" complexity="2" name="AsInt" signature="()">
              <lines>
                <line number="62" hits="61" branch="False" />
                <line number="63" hits="61" branch="True" condition-coverage="50% (1/2)">
                  <conditions>
                    <condition number="18" type="jump" coverage="50%" />
                  </conditions>
                </line>
                <line number="64" hits="61" branch="False" />
                <line number="65" hits="61" branch="False" />
                <line number="66" hits="0" branch="False" />
                <line number="67" hits="61" branch="False" />
                <line number="68" hits="61" branch="False" />
              </lines>
            </method>
            <method line-rate="0.8571428571428571" branch-rate="0.5" complexity="2" name="AsFloat" signature="()">
              <lines>
                <line number="71" hits="1" branch="False" />
                <line number="72" hits="1" branch="True" condition-coverage="50% (1/2)">
                  <conditions>
                    <condition number="18" type="jump" coverage="50%" />
                  </conditions>
                </line>
                <line number="73" hits="1" branch="False" />
                <line number="74" hits="1" branch="False" />
                <line number="75" hits="0" branch="False" />
                <line number="76" hits="1" branch="False" />
                <line number="77" hits="1" branch="False" />
              </lines>
            </method>
            <method line-rate="0" branch-rate="0" complexity="2" name="AsBool" signature="()">
              <lines>
                <line number="80" hits="0" branch="False" />
                <line number="81" hits="0" branch="True" condition-coverage="0% (0/2)">
                  <conditions>
                    <condition number="18" type="jump" coverage="0%" />
                  </conditions>
                </line>
                <line number="82" hits="0" branch="False" />
                <line number="83" hits="0" branch="False" />
                <line number="84" hits="0" branch="False" />
                <line number="85" hits="0" branch="False" />
                <line number="86" hits="0" branch="False" />
              </lines>
            </method>
            <method line-rate="0.6666666666666666" branch-rate="0.16666666666666666" complexity="12" name="LessThan" signature="(PsTiger.Runtime.Value)">
              <lines>
                <line number="90" hits="1" branch="False" />
                <line number="91" hits="1" branch="True" condition-coverage="16.66% (1/6)">
                  <conditions>
                    <condition number="20" type="jump" coverage="50%" />
                    <condition number="39" type="jump" coverage="0%" />
                    <condition number="60" type="jump" coverage="0%" />
                  </conditions>
                </line>
                <line number="92" hits="1" branch="False" />
                <line number="93" hits="2" branch="True" condition-coverage="50% (1/2)">
                  <conditions>
                    <condition number="70" type="jump" coverage="50%" />
                  </conditions>
                </line>
                <line number="94" hits="0" branch="True" condition-coverage="0% (0/2)">
                  <conditions>
                    <condition number="92" type="jump" coverage="0%" />
                  </conditions>
                </line>
                <line number="95" hits="0" branch="True" condition-coverage="0% (0/2)">
                  <conditions>
                    <condition number="114" type="jump" coverage="0%" />
                  </conditions>
                </line>
                <line number="96" hits="0" branch="False" />
                <line number="97" hits="1" branch="False" />
                <line number="98" hits="1" branch="False" />
              </lines>
            </method>
            <method line-rate="0" branch-rate="0" complexity="12" name="LessThanOrEqual" signature="(PsTiger.Runtime.Value)">
              <lines>
                <line number="101" hits="0" branch="False" />
                <line number="102" hits="0" branch="True" condition-coverage="0% (0/6)">
                  <conditions>
                    <condition number="20" type="jump" coverage="0%" />
                    <condition number="39" type="jump" coverage="0%" />
                    <condition number="60" type="jump" coverage="0%" />
                  </conditions>
                </line>
                <line number="103" hits="0" branch="False" />
                <line number="104" hits="0" branch="True" condition-coverage="0% (0/2)">
                  <conditions>
                    <condition number="70" type="jump" coverage="0%" />
                  </conditions>
                </line>
                <line number="105" hits="0" branch="True" condition-coverage="0% (0/2)">
                  <conditions>
                    <condition number="98" type="jump" coverage="0%" />
                  </conditions>
                </line>
                <line number="106" hits="0" branch="True" condition-coverage="0% (0/2)">
                  <conditions>
                    <condition number="123" type="jump" coverage="0%" />
                  </conditions>
                </line>
                <line number="107" hits="0" branch="False" />
                <line number="108" hits="0" branch="False" />
                <line number="109" hits="0" branch="False" />
              </lines>
            </method>
            <method line-rate="0" branch-rate="1" complexity="1" name="GreaterThan" signature="(PsTiger.Runtime.Value)">
              <lines>
                <line number="111" hits="0" branch="False" />
              </lines>
            </method>
            <method line-rate="0" branch-rate="1" complexity="1" name="GreaterThanOrEqual" signature="(PsTiger.Runtime.Value)">
              <lines>
                <line number="113" hits="0" branch="False" />
              </lines>
            </method>
            <method line-rate="0" branch-rate="0" complexity="24" name="Equals" signature="(PsTiger.Runtime.Value)">
              <lines>
                <line number="117" hits="0" branch="False" />
                <line number="118" hits="0" branch="True" condition-coverage="0% (0/2)">
                  <conditions>
                    <condition number="7" type="jump" coverage="0%" />
                  </conditions>
                </line>
                <line number="119" hits="0" branch="False" />
                <line number="120" hits="0" branch="False" />
                <line number="123" hits="0" branch="True" condition-coverage="0% (0/4)">
                  <conditions>
                    <condition number="23" type="jump" coverage="0%" />
                    <condition number="36" type="jump" coverage="0%" />
                  </conditions>
                </line>
                <line number="124" hits="0" branch="False" />
                <line number="125" hits="0" branch="False" />
                <line number="128" hits="0" branch="True" condition-coverage="0% (0/10)">
                  <conditions>
                    <condition number="67" type="jump" coverage="0%" />
                    <condition number="76" type="jump" coverage="0%" />
                    <condition number="96" type="jump" coverage="0%" />
                    <condition number="116" type="jump" coverage="0%" />
                    <condition number="136" type="jump" coverage="0%" />
                  </conditions>
                </line>
                <line number="129" hits="0" branch="False" />
                <line number="130" hits="0" branch="True" condition-coverage="0% (0/2)">
                  <conditions>
                    <condition number="148" type="jump" coverage="0%" />
                  </conditions>
                </line>
                <line number="131" hits="0" branch="True" condition-coverage="0% (0/2)">
                  <conditions>
                    <condition number="177" type="jump" coverage="0%" />
                  </conditions>
                </line>
                <line number="132" hits="0" branch="True" condition-coverage="0% (0/2)">
                  <conditions>
                    <condition number="204" type="jump" coverage="0%" />
                  </conditions>
                </line>
                <line number="133" hits="0" branch="True" condition-coverage="0% (0/2)">
                  <conditions>
                    <condition number="231" type="jump" coverage="0%" />
                  </conditions>
                </line>
                <line number="134" hits="0" branch="False" />
                <line number="135" hits="0" branch="False" />
                <line number="136" hits="0" branch="False" />
                <line number="137" hits="0" branch="False" />
              </lines>
            </method>
            <method line-rate="0" branch-rate="1" complexity="1" name="Equals" signature="(System.Object)">
              <lines>
                <line number="139" hits="0" branch="False" />
              </lines>
            </method>
            <method line-rate="0" branch-rate="0" complexity="2" name="GetHashCode" signature="()">
              <lines>
                <line number="141" hits="0" branch="True" condition-coverage="0% (0/2)">
                  <conditions>
                    <condition number="7" type="jump" coverage="0%" />
                  </conditions>
                </line>
              </lines>
            </method>
            <method line-rate="0.6363636363636364" branch-rate="0.1875" complexity="16" name="ToString" signature="()">
              <lines>
                <line number="144" hits="44" branch="False" />
                <line number="145" hits="44" branch="True" condition-coverage="30% (3/10)">
                  <conditions>
                    <condition number="22" type="jump" coverage="100%" />
                    <condition number="31" type="jump" coverage="50%" />
                    <condition number="50" type="jump" coverage="0%" />
                    <condition number="69" type="jump" coverage="0%" />
                    <condition number="88" type="jump" coverage="0%" />
                  </conditions>
                </line>
                <line number="146" hits="44" branch="False" />
                <line number="147" hits="4" branch="False" />
                <line number="148" hits="40" branch="False" />
                <line number="149" hits="0" branch="False" />
                <line number="150" hits="0" branch="True" condition-coverage="0% (0/2)">
                  <conditions>
                    <condition number="138" type="jump" coverage="0%" />
                  </conditions>
                </line>
                <line number="151" hits="0" branch="False" />
                <line number="152" hits="0" branch="True" condition-coverage="0% (0/4)">
                  <conditions>
                    <condition number="172" type="jump" coverage="0%" />
                    <condition number="184" type="jump" coverage="0%" />
                  </conditions>
                </line>
                <line number="153" hits="44" branch="False" />
                <line number="154" hits="44" branch="False" />
              </lines>
            </method>
            <method line-rate="1" branch-rate="1" complexity="1" name=".ctor" signature="(System.String)">
              <lines>
                <line number="16" hits="18" branch="False" />
                <line number="17" hits="18" branch="False" />
                <line number="18" hits="18" branch="False" />
              </lines>
            </method>
            <method line-rate="1" branch-rate="1" complexity="1" name=".ctor" signature="(System.Int32)">
              <lines>
                <line number="21" hits="115" branch="False" />
                <line number="22" hits="115" branch="False" />
                <line number="23" hits="115" branch="False" />
              </lines>
            </method>
            <method line-rate="1" branch-rate="1" complexity="1" name=".ctor" signature="(System.Double)">
              <lines>
                <line number="26" hits="1" branch="False" />
                <line number="27" hits="1" branch="False" />
                <line number="28" hits="1" branch="False" />
              </lines>
            </method>
            <method line-rate="0" branch-rate="1" complexity="1" name=".ctor" signature="(System.Boolean)">
              <lines>
                <line number="31" hits="0" branch="False" />
                <line number="32" hits="0" branch="False" />
                <line number="33" hits="0" branch="False" />
              </lines>
            </method>
            <method line-rate="1" branch-rate="1" complexity="1" name=".ctor" signature="(System.Object)">
              <lines>
                <line number="36" hits="1" branch="False" />
                <line number="37" hits="1" branch="False" />
                <line number="38" hits="1" branch="False" />
              </lines>
            </method>
            <method line-rate="1" branch-rate="1" complexity="1" name=".cctor" signature="()">
              <lines>
                <line number="10" hits="1" branch="False" />
              </lines>
            </method>
          </methods>
          <lines>
            <line number="41" hits="54" branch="False" />
            <line number="43" hits="12" branch="False" />
            <line number="45" hits="13" branch="False" />
            <line number="47" hits="1" branch="False" />
            <line number="49" hits="0" branch="False" />
            <line number="53" hits="14" branch="False" />
            <line number="54" hits="14" branch="True" condition-coverage="50% (1/2)">
              <conditions>
                <condition number="20" type="jump" coverage="50%" />
              </conditions>
            </line>
            <line number="55" hits="14" branch="False" />
            <line number="56" hits="14" branch="False" />
            <line number="57" hits="0" branch="False" />
            <line number="58" hits="14" branch="False" />
            <line number="59" hits="14" branch="False" />
            <line number="62" hits="61" branch="False" />
            <line number="63" hits="61" branch="True" condition-coverage="50% (1/2)">
              <conditions>
                <condition number="18" type="jump" coverage="50%" />
              </conditions>
            </line>
            <line number="64" hits="61" branch="False" />
            <line number="65" hits="61" branch="False" />
            <line number="66" hits="0" branch="False" />
            <line number="67" hits="61" branch="False" />
            <line number="68" hits="61" branch="False" />
            <line number="71" hits="1" branch="False" />
            <line number="72" hits="1" branch="True" condition-coverage="50% (1/2)">
              <conditions>
                <condition number="18" type="jump" coverage="50%" />
              </conditions>
            </line>
            <line number="73" hits="1" branch="False" />
            <line number="74" hits="1" branch="False" />
            <line number="75" hits="0" branch="False" />
            <line number="76" hits="1" branch="False" />
            <line number="77" hits="1" branch="False" />
            <line number="80" hits="0" branch="False" />
            <line number="81" hits="0" branch="True" condition-coverage="0% (0/2)">
              <conditions>
                <condition number="18" type="jump" coverage="0%" />
              </conditions>
            </line>
            <line number="82" hits="0" branch="False" />
            <line number="83" hits="0" branch="False" />
            <line number="84" hits="0" branch="False" />
            <line number="85" hits="0" branch="False" />
            <line number="86" hits="0" branch="False" />
            <line number="90" hits="1" branch="False" />
            <line number="91" hits="1" branch="True" condition-coverage="16.66% (1/6)">
              <conditions>
                <condition number="20" type="jump" coverage="50%" />
                <condition number="39" type="jump" coverage="0%" />
                <condition number="60" type="jump" coverage="0%" />
              </conditions>
            </line>
            <line number="92" hits="1" branch="False" />
            <line number="93" hits="2" branch="True" condition-coverage="50% (1/2)">
              <conditions>
                <condition number="70" type="jump" coverage="50%" />
              </conditions>
            </line>
            <line number="94" hits="0" branch="True" condition-coverage="0% (0/2)">
              <conditions>
                <condition number="92" type="jump" coverage="0%" />
              </conditions>
            </line>
            <line number="95" hits="0" branch="True" condition-coverage="0% (0/2)">
              <conditions>
                <condition number="114" type="jump" coverage="0%" />
              </conditions>
            </line>
            <line number="96" hits="0" branch="False" />
            <line number="97" hits="1" branch="False" />
            <line number="98" hits="1" branch="False" />
            <line number="101" hits="0" branch="False" />
            <line number="102" hits="0" branch="True" condition-coverage="0% (0/6)">
              <conditions>
                <condition number="20" type="jump" coverage="0%" />
                <condition number="39" type="jump" coverage="0%" />
                <condition number="60" type="jump" coverage="0%" />
              </conditions>
            </line>
            <line number="103" hits="0" branch="False" />
            <line number="104" hits="0" branch="True" condition-coverage="0% (0/2)">
              <conditions>
                <condition number="70" type="jump" coverage="0%" />
              </conditions>
            </line>
            <line number="105" hits="0" branch="True" condition-coverage="0% (0/2)">
              <conditions>
                <condition number="98" type="jump" coverage="0%" />
              </conditions>
            </line>
            <line number="106" hits="0" branch="True" condition-coverage="0% (0/2)">
              <conditions>
                <condition number="123" type="jump" coverage="0%" />
              </conditions>
            </line>
            <line number="107" hits="0" branch="False" />
            <line number="108" hits="0" branch="False" />
            <line number="109" hits="0" branch="False" />
            <line number="111" hits="0" branch="False" />
            <line number="113" hits="0" branch="False" />
            <line number="117" hits="0" branch="False" />
            <line number="118" hits="0" branch="True" condition-coverage="0% (0/2)">
              <conditions>
                <condition number="7" type="jump" coverage="0%" />
              </conditions>
            </line>
            <line number="119" hits="0" branch="False" />
            <line number="120" hits="0" branch="False" />
            <line number="123" hits="0" branch="True" condition-coverage="0% (0/4)">
              <conditions>
                <condition number="23" type="jump" coverage="0%" />
                <condition number="36" type="jump" coverage="0%" />
              </conditions>
            </line>
            <line number="124" hits="0" branch="False" />
            <line number="125" hits="0" branch="False" />
            <line number="128" hits="0" branch="True" condition-coverage="0% (0/10)">
              <conditions>
                <condition number="67" type="jump" coverage="0%" />
                <condition number="76" type="jump" coverage="0%" />
                <condition number="96" type="jump" coverage="0%" />
                <condition number="116" type="jump" coverage="0%" />
                <condition number="136" type="jump" coverage="0%" />
              </conditions>
            </line>
            <line number="129" hits="0" branch="False" />
            <line number="130" hits="0" branch="True" condition-coverage="0% (0/2)">
              <conditions>
                <condition number="148" type="jump" coverage="0%" />
              </conditions>
            </line>
            <line number="131" hits="0" branch="True" condition-coverage="0% (0/2)">
              <conditions>
                <condition number="177" type="jump" coverage="0%" />
              </conditions>
            </line>
            <line number="132" hits="0" branch="True" condition-coverage="0% (0/2)">
              <conditions>
                <condition number="204" type="jump" coverage="0%" />
              </conditions>
            </line>
            <line number="133" hits="0" branch="True" condition-coverage="0% (0/2)">
              <conditions>
                <condition number="231" type="jump" coverage="0%" />
              </conditions>
            </line>
            <line number="134" hits="0" branch="False" />
            <line number="135" hits="0" branch="False" />
            <line number="136" hits="0" branch="False" />
            <line number="137" hits="0" branch="False" />
            <line number="139" hits="0" branch="False" />
            <line number="141" hits="0" branch="True" condition-coverage="0% (0/2)">
              <conditions>
                <condition number="7" type="jump" coverage="0%" />
              </conditions>
            </line>
            <line number="144" hits="44" branch="False" />
            <line number="145" hits="44" branch="True" condition-coverage="30% (3/10)">
              <conditions>
                <condition number="22" type="jump" coverage="100%" />
                <condition number="31" type="jump" coverage="50%" />
                <condition number="50" type="jump" coverage="0%" />
                <condition number="69" type="jump" coverage="0%" />
                <condition number="88" type="jump" coverage="0%" />
              </conditions>
            </line>
            <line number="146" hits="44" branch="False" />
            <line number="147" hits="4" branch="False" />
            <line number="148" hits="40" branch="False" />
            <line number="149" hits="0" branch="False" />
            <line number="150" hits="0" branch="True" condition-coverage="0% (0/2)">
              <conditions>
                <condition number="138" type="jump" coverage="0%" />
              </conditions>
            </line>
            <line number="151" hits="0" branch="False" />
            <line number="152" hits="0" branch="True" condition-coverage="0% (0/4)">
              <conditions>
                <condition number="172" type="jump" coverage="0%" />
                <condition number="184" type="jump" coverage="0%" />
              </conditions>
            </line>
            <line number="153" hits="44" branch="False" />
            <line number="154" hits="44" branch="False" />
            <line number="16" hits="18" branch="False" />
            <line number="17" hits="18" branch="False" />
            <line number="18" hits="18" branch="False" />
            <line number="21" hits="115" branch="False" />
            <line number="22" hits="115" branch="False" />
            <line number="23" hits="115" branch="False" />
            <line number="26" hits="1" branch="False" />
            <line number="27" hits="1" branch="False" />
            <line number="28" hits="1" branch="False" />
            <line number="31" hits="0" branch="False" />
            <line number="32" hits="0" branch="False" />
            <line number="33" hits="0" branch="False" />
            <line number="36" hits="1" branch="False" />
            <line number="37" hits="1" branch="False" />
            <line number="38" hits="1" branch="False" />
            <line number="10" hits="1" branch="False" />
          </lines>
        </class>
        <class line-rate="0" branch-rate="0" complexity="2" name="PsTiger.Runtime.ValueType" filename="src\Runtime\ValueType.cs">
          <methods>
            <method line-rate="0" branch-rate="0" complexity="2" name="op_Equality" signature="(PsTiger.Runtime.ValueType,PsTiger.Runtime.ValueType)">
              <lines>
                <line number="42" hits="0" branch="True" condition-coverage="0% (0/2)">
                  <conditions>
                    <condition number="1" type="jump" coverage="0%" />
                  </conditions>
                </line>
              </lines>
            </method>
            <method line-rate="0" branch-rate="1" complexity="1" name="op_Inequality" signature="(PsTiger.Runtime.ValueType,PsTiger.Runtime.ValueType)">
              <lines>
                <line number="44" hits="0" branch="False" />
              </lines>
            </method>
            <method line-rate="0" branch-rate="1" complexity="1" name="Equals" signature="(System.Object)">
              <lines>
                <line number="47" hits="0" branch="False" />
                <line number="48" hits="0" branch="False" />
                <line number="49" hits="0" branch="False" />
              </lines>
            </method>
            <method line-rate="0" branch-rate="1" complexity="1" name="GetHashCode" signature="()">
              <lines>
                <line number="52" hits="0" branch="False" />
                <line number="53" hits="0" branch="False" />
                <line number="54" hits="0" branch="False" />
              </lines>
            </method>
            <method line-rate="0" branch-rate="1" complexity="1" name="ToString" signature="()">
              <lines>
[...]
                    <condition number="22" type="jump" coverage="100%" />
                  </conditions>
                </line>
                <line number="30" hits="1262" branch="False" />
              </lines>
            </method>
            <method line-rate="1" branch-rate="1" complexity="1" name="Advance" signature="()">
              <lines>
                <line number="36" hits="556" branch="False" />
                <line number="37" hits="556" branch="False" />
                <line number="38" hits="556" branch="False" />
              </lines>
            </method>
            <method line-rate="1" branch-rate="1" complexity="1" name="IsEnd" signature="()">
              <lines>
                <line number="45" hits="974" branch="False" />
                <line number="46" hits="974" branch="False" />
                <line number="47" hits="974" branch="False" />
              </lines>
            </method>
            <method line-rate="1" branch-rate="1" complexity="1" name=".ctor" signature="(System.String)">
              <lines>
                <line number="16" hits="31" branch="False" />
                <line number="17" hits="31" branch="False" />
                <line number="18" hits="31" branch="False" />
                <line number="19" hits="31" branch="False" />
              </lines>
            </method>
          </methods>
          <lines>
            <line number="27" hits="1262" branch="False" />
            <line number="28" hits="1262" branch="False" />
            <line number="29" hits="1262" branch="True" condition-coverage="100% (2/2)">
              <conditions>
                <condition number="22" type="jump" coverage="100%" />
              </conditions>
            </line>
            <line number="30" hits="1262" branch="False" />
            <line number="36" hits="556" branch="False" />
            <line number="37" hits="556" branch="False" />
            <line number="38" hits="556" branch="False" />
            <line number="45" hits="974" branch="False" />
            <line number="46" hits="974" branch="False" />
            <line number="47" hits="974" branch="False" />
            <line number="16" hits="31" branch="False" />
            <line number="17" hits="31" branch="False" />
            <line number="18" hits="31" branch="False" />
            <line number="19" hits="31" branch="False" />
          </lines>
        </class>
        <class line-rate="0.7931034482758621" branch-rate="0.3333333333333333" complexity="6" name="PsTiger.Lexemes.Token" filename="Token.cs">
          <methods>
            <method line-rate="0" branch-rate="0" complexity="4" name="Equals" signature="(System.Object)">
              <lines>
                <line number="35" hits="0" branch="False" />
                <line number="36" hits="0" branch="True" condition-coverage="0% (0/2)">
                  <conditions>
                    <condition number="14" type="jump" coverage="0%" />
                  </conditions>
                </line>
                <line number="37" hits="0" branch="False" />
                <line number="38" hits="0" branch="True" condition-coverage="0% (0/2)">
                  <conditions>
                    <condition number="29" type="jump" coverage="0%" />
                  </conditions>
                </line>
                <line number="41" hits="0" branch="False" />
                <line number="42" hits="0" branch="False" />
              </lines>
            </method>
            <method line-rate="1" branch-rate="1" complexity="1" name="GetHashCode" signature="()">
              <lines>
                <line number="45" hits="516" branch="False" />
                <line number="46" hits="516" branch="False" />
                <line number="47" hits="516" branch="False" />
              </lines>
            </method>
            <method line-rate="1" branch-rate="1" complexity="2" name="ToString" signature="()">
              <lines>
                <line number="50" hits="95" branch="False" />
                <line number="51" hits="95" branch="False" />
                <line number="52" hits="95" branch="False" />
                <line number="54" hits="95" branch="True" condition-coverage="100% (2/2)">
                  <conditions>
                    <condition number="45" type="jump" coverage="100%" />
                  </conditions>
                </line>
                <line number="55" hits="74" branch="False" />
                <line number="56" hits="74" branch="False" />
                <line number="57" hits="74" branch="False" />
                <line number="59" hits="95" branch="False" />
                <line number="60" hits="95" branch="False" />
              </lines>
            </method>
            <method line-rate="1" branch-rate="1" complexity="1" name=".ctor" signature="(PsTiger.Lexemes.TokenType)">
              <lines>
                <line number="8" hits="109" branch="False" />
                <line number="10" hits="109" branch="False" />
              </lines>
            </method>
            <method line-rate="1" branch-rate="1" complexity="1" name=".ctor" signature="(PsTiger.Lexemes.TokenType,System.String)">
              <lines>
                <line number="13" hits="186" branch="False" />
                <line number="15" hits="186" branch="False" />
                <line number="16" hits="186" branch="False" />
              </lines>
            </method>
            <method line-rate="1" branch-rate="1" complexity="1" name=".ctor" signature="(PsTiger.Lexemes.TokenType,System.Int32)">
              <lines>
                <line number="19" hits="18" branch="False" />
                <line number="21" hits="18" branch="False" />
                <line number="22" hits="18" branch="False" />
              </lines>
            </method>
            <method line-rate="1" branch-rate="1" complexity="1" name=".ctor" signature="(PsTiger.Lexemes.TokenType,System.Double)">
              <lines>
                <line number="25" hits="6" branch="False" />
                <line number="27" hits="6" branch="False" />
                <line number="28" hits="6" branch="False" />
              </lines>
            </method>
          </methods>
          <lines>
            <line number="35" hits="0" branch="False" />
            <line number="36" hits="0" branch="True" condition-coverage="0% (0/2)">
              <conditions>
                <condition number="14" type="jump" coverage="0%" />
              </conditions>
            </line>
            <line number="37" hits="0" branch="False" />
            <line number="38" hits="0" branch="True" condition-coverage="0% (0/2)">
              <conditions>
                <condition number="29" type="jump" coverage="0%" />
              </conditions>
            </line>
            <line number="41" hits="0" branch="False" />
            <line number="42" hits="0" branch="False" />
            <line number="45" hits="516" branch="False" />
            <line number="46" hits="516" branch="False" />
            <line number="47" hits="516" branch="False" />
            <line number="50" hits="95" branch="False" />
            <line number="51" hits="95" branch="False" />
            <line number="52" hits="95" branch="False" />
            <line number="54" hits="95" branch="True" condition-coverage="100% (2/2)">
              <conditions>
                <condition number="45" type="jump" coverage="100%" />
              </conditions>
            </line>
            <line number="55" hits="74" branch="False" />
            <line number="56" hits="74" branch="False" />
            <line number="57" hits="74" branch="False" />
            <line number="59" hits="95" branch="False" />
            <line number="60" hits="95" branch="False" />
            <line number="8" hits="109" branch="False" />
            <line number="10" hits="109" branch="False" />
            <line number="13" hits="186" branch="False" />
            <line number="15" hits="186" branch="False" />
            <line number="16" hits="186" branch="False" />
            <line number="19" hits="18" branch="False" />
            <line number="21" hits="18" branch="False" />
            <line number="22" hits="18" branch="False" />
            <line number="25" hits="6" branch="False" />
            <line number="27" hits="6" branch="False" />
            <line number="28" hits="6" branch="False" />
          </lines>
        </class>
        <class line-rate="0.4" branch-rate="0.16666666666666666" complexity="30" name="PsTiger.Lexemes.TokenValue" filename="TokenValue.cs">
          <methods>
            <method line-rate="0.8888888888888888" branch-rate="0.8333333333333334" complexity="6" name="ToString" signature="()">
              <lines>
                <line number="26" hits="74" branch="False" />
                <line number="27" hits="74" branch="True" condition-coverage="83.33% (5/6)">
                  <conditions>
                    <condition number="22" type="jump" coverage="100%" />
                    <condition number="31" type="jump" coverage="100%" />
                    <condition number="50" type="jump" coverage="50%" />
                  </conditions>
                </line>
                <line number="28" hits="74" branch="False" />
                <line number="29" hits="64" branch="False" />
                <line number="30" hits="7" branch="False" />
                <line number="31" hits="3" branch="False" />
                <line number="32" hits="0" branch="False" />
                <line number="33" hits="74" branch="False" />
                <line number="34" hits="74" branch="False" />
              </lines>
            </method>
            <method line-rate="0" branch-rate="0" complexity="4" name="ToInt" signature="()">
              <lines>
                <line number="37" hits="0" branch="False" />
                <line number="38" hits="0" branch="True" condition-coverage="0% (0/4)">
                  <conditions>
                    <condition number="20" type="jump" coverage="0%" />
                    <condition number="28" type="jump" coverage="0%" />
                  </conditions>
                </line>
                <line number="39" hits="0" branch="False" />
                <line number="40" hits="0" branch="False" />
                <line number="41" hits="0" branch="False" />
                <line number="42" hits="0" branch="False" />
                <line number="43" hits="0" branch="False" />
                <line number="44" hits="0" branch="False" />
              </lines>
            </method>
            <method line-rate="0" branch-rate="0" complexity="6" name="ToDouble" signature="()">
              <lines>
                <line number="47" hits="0" branch="False" />
                <line number="48" hits="0" branch="True" condition-coverage="0% (0/6)">
                  <conditions>
                    <condition number="22" type="jump" coverage="0%" />
                    <condition number="31" type="jump" coverage="0%" />
                    <condition number="50" type="jump" coverage="0%" />
                  </conditions>
                </line>
                <line number="49" hits="0" branch="False" />
                <line number="50" hits="0" branch="False" />
                <line number="51" hits="0" branch="False" />
                <line number="52" hits="0" branch="False" />
                <line number="53" hits="0" branch="False" />
                <line number="54" hits="0" branch="False" />
                <line number="55" hits="0" branch="False" />
              </lines>
            </method>
            <method line-rate="0" branch-rate="0" complexity="14" name="Equals" signature="(System.Object)">
              <lines>
                <line number="58" hits="0" branch="False" />
                <line number="59" hits="0" branch="True" condition-coverage="0% (0/2)">
                  <conditions>
                    <condition number="14" type="jump" coverage="0%" />
                  </conditions>
                </line>
                <line number="60" hits="0" branch="False" />
                <line number="61" hits="0" branch="True" condition-coverage="0% (0/6)">
                  <conditions>
                    <condition number="41" type="jump" coverage="0%" />
                    <condition number="50" type="jump" coverage="0%" />
                    <condition number="70" type="jump" coverage="0%" />
                  </conditions>
                </line>
                <line number="62" hits="0" branch="False" />
                <line number="63" hits="0" branch="True" condition-coverage="0% (0/2)">
                  <conditions>
                    <condition number="98" type="jump" coverage="0%" />
                  </conditions>
                </line>
                <line number="64" hits="0" branch="True" condition-coverage="0% (0/2)">
                  <conditions>
                    <condition number="131" type="jump" coverage="0%" />
                  </conditions>
                </line>
                <line number="65" hits="0" branch="True" condition-coverage="0% (0/2)">
                  <conditions>
                    <condition number="172" type="jump" coverage="0%" />
                  </conditions>
                </line>
                <line number="66" hits="0" branch="False" />
                <line number="67" hits="0" branch="False" />
                <line number="70" hits="0" branch="False" />
                <line number="71" hits="0" branch="False" />
              </lines>
            </method>
            <method line-rate="1" branch-rate="1" complexity="1" name="GetHashCode" signature="()">
              <lines>
                <line number="74" hits="910" branch="False" />
                <line number="75" hits="910" branch="False" />
                <line number="76" hits="910" branch="False" />
              </lines>
            </method>
            <method line-rate="1" branch-rate="1" complexity="1" name=".ctor" signature="(System.String)">
              <lines>
                <line number="11" hits="186" branch="False" />
                <line number="12" hits="186" branch="False" />
                <line number="13" hits="186" branch="False" />
              </lines>
            </method>
            <method line-rate="1" branch-rate="1" complexity="1" name=".ctor" signature="(System.Int32)">
              <lines>
                <line number="16" hits="18" branch="False" />
                <line number="17" hits="18" branch="False" />
                <line number="18" hits="18" branch="False" />
              </lines>
            </method>
            <method line-rate="1" branch-rate="1" complexity="1" name=".ctor" signature="(System.Double)">
              <lines>
                <line number="21" hits="6" branch="False" />
                <line number="22" hits="6" branch="False" />
                <line number="23" hits="6" branch="False" />
              </lines>
            </method>
          </methods>
          <lines>
            <line number="26" hits="74" branch="False" />
            <line number="27" hits="74" branch="True" condition-coverage="83.33% (5/6)">
              <conditions>
                <condition number="22" type="jump" coverage="100%" />
                <condition number="31" type="jump" coverage="100%" />
                <condition number="50" type="jump" coverage="50%" />
              </conditions>
            </line>
            <line number="28" hits="74" branch="False" />
            <line number="29" hits="64" branch="False" />
            <line number="30" hits="7" branch="False" />
            <line number="31" hits="3" branch="False" />
            <line number="32" hits="0" branch="False" />
            <line number="33" hits="74" branch="False" />
            <line number="34" hits="74" branch="False" />
            <line number="37" hits="0" branch="False" />
            <line number="38" hits="0" branch="True" condition-coverage="0% (0/4)">
              <conditions>
                <condition number="20" type="jump" coverage="0%" />
                <condition number="28" type="jump" coverage="0%" />
              </conditions>
            </line>
            <line number="39" hits="0" branch="False" />
            <line number="40" hits="0" branch="False" />
            <line number="41" hits="0" branch="False" />
            <line number="42" hits="0" branch="False" />
            <line number="43" hits="0" branch="False" />
            <line number="44" hits="0" branch="False" />
            <line number="47" hits="0" branch="False" />
            <line number="48" hits="0" branch="True" condition-coverage="0% (0/6)">
              <conditions>
                <condition number="22" type="jump" coverage="0%" />
                <condition number="31" type="jump" coverage="0%" />
                <condition number="50" type="jump" coverage="0%" />
              </conditions>
            </line>
            <line number="49" hits="0" branch="False" />
            <line number="50" hits="0" branch="False" />
            <line number="51" hits="0" branch="False" />
            <line number="52" hits="0" branch="False" />
            <line number="53" hits="0" branch="False" />
            <line number="54" hits="0" branch="False" />
            <line number="55" hits="0" branch="False" />
            <line number="58" hits="0" branch="False" />
            <line number="59" hits="0" branch="True" condition-coverage="0% (0/2)">
              <conditions>
                <condition number="14" type="jump" coverage="0%" />
              </conditions>
            </line>
            <line number="60" hits="0" branch="False" />
            <line number="61" hits="0" branch="True" condition-coverage="0% (0/6)">
              <conditions>
                <condition number="41" type="jump" coverage="0%" />
                <condition number="50" type="jump" coverage="0%" />
                <condition number="70" type="jump" coverage="0%" />
              </conditions>
            </line>
            <line number="62" hits="0" branch="False" />
            <line number="63" hits="0" branch="True" condition-coverage="0% (0/2)">
              <conditions>
                <condition number="98" type="jump" coverage="0%" />
              </conditions>
            </line>
            <line number="64" hits="0" branch="True" condition-coverage="0% (0/2)">
              <conditions>
                <condition number="131" type="jump" coverage="0%" />
              </conditions>
            </line>
            <line number="65" hits="0" branch="True" condition-coverage="0% (0/2)">
              <conditions>
                <condition number="172" type="jump" coverage="0%" />
              </conditions>
            </line>
            <line number="66" hits="0" branch="False" />
            <line number="67" hits="0" branch="False" />
            <line number="70" hits="0" branch="False" />
            <line number="71" hits="0" branch="False" />
            <line number="74" hits="910" branch="False" />
            <line number="75" hits="910" branch="False" />
            <line number="76" hits="910" branch="False" />
            <line number="11" hits="186" branch="False" />
            <line number="12" hits="186" branch="False" />
            <line number="13" hits="186" branch="False" />
            <line number="16" hits="18" branch="False" />
            <line number="17" hits="18" branch="False" />
            <line number="18" hits="18" branch="False" />
            <line number="21" hits="6" branch="False" />
            <line number="22" hits="6" branch="False" />
            <line number="23" hits="6" branch="False" />
          </lines>
        </class>
      </classes>
    </package>
  </packages>
</coverage>